2024-09-23 15:37:34,182 INFO [restartedMain] [com.telushealth.hialtesthub.HialTestHubApplication] Starting HialTestHubApplication using Java 17.0.9 on L116198 with PID 6904 (C:\GitHub\NLCHI-HIALTestHub\target\classes started by T968629 in C:\GitHub\NLCHI-HIALTestHub)
2024-09-23 15:37:34,186 INFO [restartedMain] [com.telushealth.hialtesthub.HialTestHubApplication] No active profile set, falling back to 1 default profile: "default"
2024-09-23 15:37:34,234 INFO [restartedMain] [org.springframework.boot.devtools.env.DevToolsPropertyDefaultsPostProcessor] Devtools property defaults active! Set 'spring.devtools.add-properties' to 'false' to disable
2024-09-23 15:37:34,234 INFO [restartedMain] [org.springframework.boot.devtools.env.DevToolsPropertyDefaultsPostProcessor] For additional web related logging consider setting the 'logging.level.web' property to 'DEBUG'
2024-09-23 15:37:35,024 INFO [restartedMain] [org.springframework.data.repository.config.RepositoryConfigurationDelegate] Bootstrapping Spring Data MongoDB repositories in DEFAULT mode.
2024-09-23 15:37:35,038 INFO [restartedMain] [org.springframework.data.repository.config.RepositoryConfigurationDelegate] Finished Spring Data repository scanning in 10 ms. Found 0 MongoDB repository interfaces.
2024-09-23 15:37:35,207 INFO [restartedMain] [org.springframework.context.support.PostProcessorRegistrationDelegate$BeanPostProcessorChecker] Bean 'org.springframework.ws.config.annotation.DelegatingWsConfiguration' of type [org.springframework.ws.config.annotation.DelegatingWsConfiguration$$EnhancerBySpringCGLIB$$25af8e5e] is not eligible for getting processed by all BeanPostProcessors (for example: not eligible for auto-proxying)
2024-09-23 15:37:35,241 INFO [restartedMain] [org.springframework.ws.soap.addressing.server.AnnotationActionEndpointMapping] Supporting [WS-Addressing August 2004, WS-Addressing 1.0]
2024-09-23 15:37:35,513 INFO [restartedMain] [org.springframework.boot.web.embedded.tomcat.TomcatWebServer] Tomcat initialized with port(s): 8080 (http)
2024-09-23 15:37:35,521 INFO [restartedMain] [org.apache.coyote.http11.Http11NioProtocol] Initializing ProtocolHandler ["http-nio-8080"]
2024-09-23 15:37:35,523 INFO [restartedMain] [org.apache.catalina.core.StandardService] Starting service [Tomcat]
2024-09-23 15:37:35,523 INFO [restartedMain] [org.apache.catalina.core.StandardEngine] Starting Servlet engine: [Apache Tomcat/9.0.80]
2024-09-23 15:37:35,604 INFO [restartedMain] [org.apache.catalina.core.ContainerBase.[Tomcat].[localhost].[/]] Initializing Spring embedded WebApplicationContext
2024-09-23 15:37:35,604 INFO [restartedMain] [org.springframework.boot.web.servlet.context.ServletWebServerApplicationContext] Root WebApplicationContext: initialization completed in 1369 ms
2024-09-23 15:37:36,630 INFO [Thread-4] [org.springframework.boot.autoconfigure.mongo.embedded.EmbeddedMongo] 2024-09-23T15:37:36.629-0400 I CONTROL  [main] note: noprealloc may hurt performance in many applications
2024-09-23 15:37:36,685 INFO [Thread-4] [org.springframework.boot.autoconfigure.mongo.embedded.EmbeddedMongo] 2024-09-23T15:37:36.686-0400 I CONTROL  [main] Automatically disabling TLS 1.0, to force-enable TLS 1.0 specify --sslDisabledProtocols 'none'
2024-09-23 15:37:36,690 INFO [Thread-4] [org.springframework.boot.autoconfigure.mongo.embedded.EmbeddedMongo] 2024-09-23T15:37:36.691-0400 I CONTROL  [initandlisten] MongoDB starting : pid=11360 port=27017 dbpath=C:\Users\T968629\AppData\Local\Temp\embedmongo-db-5ae4af6e-ea31-4f07-b5ee-d32f265332c7 64-bit host=L116198
2024-09-23 15:37:36,690 INFO [Thread-4] [org.springframework.boot.autoconfigure.mongo.embedded.EmbeddedMongo] 2024-09-23T15:37:36.691-0400 I CONTROL  [initandlisten] targetMinOS: Windows 7/Windows Server 2008 R2
2024-09-23 15:37:36,690 INFO [Thread-4] [org.springframework.boot.autoconfigure.mongo.embedded.EmbeddedMongo] 2024-09-23T15:37:36.691-0400 I CONTROL  [initandlisten] db version v4.0.28
2024-09-23 15:37:36,690 INFO [Thread-4] [org.springframework.boot.autoconfigure.mongo.embedded.EmbeddedMongo] 2024-09-23T15:37:36.691-0400 I CONTROL  [initandlisten] git version: af1a9dc12adcfa83cc19571cb3faba26eeddac92
2024-09-23 15:37:36,691 INFO [Thread-4] [org.springframework.boot.autoconfigure.mongo.embedded.EmbeddedMongo] 2024-09-23T15:37:36.691-0400 I CONTROL  [initandlisten] allocator: tcmalloc
2024-09-23 15:37:36,691 INFO [Thread-4] [org.springframework.boot.autoconfigure.mongo.embedded.EmbeddedMongo] 2024-09-23T15:37:36.691-0400 I CONTROL  [initandlisten] modules: none
2024-09-23 15:37:36,691 INFO [Thread-4] [org.springframework.boot.autoconfigure.mongo.embedded.EmbeddedMongo] 2024-09-23T15:37:36.691-0400 I CONTROL  [initandlisten] build environment:
2024-09-23 15:37:36,691 INFO [Thread-4] [org.springframework.boot.autoconfigure.mongo.embedded.EmbeddedMongo] 2024-09-23T15:37:36.691-0400 I CONTROL  [initandlisten]     distmod: 2008plus-ssl
2024-09-23 15:37:36,691 INFO [Thread-4] [org.springframework.boot.autoconfigure.mongo.embedded.EmbeddedMongo] 2024-09-23T15:37:36.691-0400 I CONTROL  [initandlisten]     distarch: x86_64
2024-09-23 15:37:36,691 INFO [Thread-4] [org.springframework.boot.autoconfigure.mongo.embedded.EmbeddedMongo] 2024-09-23T15:37:36.691-0400 I CONTROL  [initandlisten]     target_arch: x86_64
2024-09-23 15:37:36,691 INFO [Thread-4] [org.springframework.boot.autoconfigure.mongo.embedded.EmbeddedMongo] 2024-09-23T15:37:36.691-0400 I CONTROL  [initandlisten] options: { net: { bindIp: "127.0.0.1", port: 27017 }, security: { authorization: "disabled" }, storage: { dbPath: "C:\Users\T968629\AppData\Local\Temp\embedmongo-db-5ae4af6e-ea31-4f07-b5ee-d32f265332c7", journal: { enabled: false }, mmapv1: { preallocDataFiles: false, smallFiles: true }, syncPeriodSecs: 0.0 } }
2024-09-23 15:37:37,063 INFO [Thread-4] [org.springframework.boot.autoconfigure.mongo.embedded.EmbeddedMongo] 2024-09-23T15:37:37.063-0400 I STORAGE  [initandlisten] wiredtiger_open config: create,cache_size=7328M,cache_overflow=(file_max=0M),session_max=20000,eviction=(threads_min=4,threads_max=4),config_base=false,statistics=(fast),log=(enabled=true,archive=true,path=journal,compressor=snappy),file_manager=(close_idle_time=100000),statistics_log=(wait=0),verbose=(recovery_progress),,log=(enabled=false),
2024-09-23 15:37:37,090 INFO [Thread-4] [org.springframework.boot.autoconfigure.mongo.embedded.EmbeddedMongo] 2024-09-23T15:37:37.090-0400 I STORAGE  [initandlisten] WiredTiger message [1727120257:89530][11360:140708145223824], txn-recover: Set global recovery timestamp: 0
2024-09-23 15:37:37,119 INFO [Thread-4] [org.springframework.boot.autoconfigure.mongo.embedded.EmbeddedMongo] 2024-09-23T15:37:37.118-0400 I RECOVERY [initandlisten] WiredTiger recoveryTimestamp. Ts: Timestamp(0, 0)
2024-09-23 15:37:37,176 INFO [Thread-4] [org.springframework.boot.autoconfigure.mongo.embedded.EmbeddedMongo] 2024-09-23T15:37:37.176-0400 I STORAGE  [initandlisten] Starting to check the table logging settings for existing WiredTiger tables
2024-09-23 15:37:37,195 INFO [Thread-4] [org.springframework.boot.autoconfigure.mongo.embedded.EmbeddedMongo] 2024-09-23T15:37:37.196-0400 W STORAGE  [initandlisten] Detected configuration for non-active storage engine mmapv1 when current storage engine is wiredTiger
2024-09-23 15:37:37,196 INFO [Thread-4] [org.springframework.boot.autoconfigure.mongo.embedded.EmbeddedMongo] 2024-09-23T15:37:37.197-0400 I STORAGE  [initandlisten] createCollection: admin.system.version with provided UUID: 2bd5aa4c-0ebd-42e6-88a7-89eeb9dcd377
2024-09-23 15:37:37,251 INFO [Thread-4] [org.springframework.boot.autoconfigure.mongo.embedded.EmbeddedMongo] 2024-09-23T15:37:37.251-0400 I COMMAND  [initandlisten] setting featureCompatibilityVersion to 4.0
2024-09-23 15:37:37,251 INFO [Thread-4] [org.springframework.boot.autoconfigure.mongo.embedded.EmbeddedMongo] 2024-09-23T15:37:37.252-0400 I STORAGE  [initandlisten] Finished adjusting the table logging settings for existing WiredTiger tables
2024-09-23 15:37:37,252 INFO [Thread-4] [org.springframework.boot.autoconfigure.mongo.embedded.EmbeddedMongo] 2024-09-23T15:37:37.252-0400 I STORAGE  [initandlisten] createCollection: local.startup_log with generated UUID: abba083e-3e01-4f83-ba46-185557d2f300
2024-09-23 15:37:38,080 INFO [Thread-4] [org.springframework.boot.autoconfigure.mongo.embedded.EmbeddedMongo] 2024-09-23T15:37:38.081-0400 I FTDC     [initandlisten] Initializing full-time diagnostic data capture with directory 'C:/Users/T968629/AppData/Local/Temp/embedmongo-db-5ae4af6e-ea31-4f07-b5ee-d32f265332c7/diagnostic.data'
2024-09-23 15:37:38,086 INFO [Thread-4] [org.springframework.boot.autoconfigure.mongo.embedded.EmbeddedMongo] 2024-09-23T15:37:38.087-0400 I CONTROL  [LogicalSessionCacheReap] Sessions collection is not set up; waiting until next sessions reap interval: config.system.sessions does not exist
2024-09-23 15:37:38,086 INFO [Thread-4] [org.springframework.boot.autoconfigure.mongo.embedded.EmbeddedMongo] 2024-09-23T15:37:38.087-0400 I STORAGE  [LogicalSessionCacheRefresh] createCollection: config.system.sessions with generated UUID: 1382ae94-ad4e-4eff-8ddd-f141651c3f2f
2024-09-23 15:37:38,091 INFO [Thread-4] [org.springframework.boot.autoconfigure.mongo.embedded.EmbeddedMongo] 2024-09-23T15:37:38.091-0400 I NETWORK  [initandlisten] waiting for connections on port 27017
2024-09-23 15:37:38,091 INFO [restartedMain] [de.flapdoodle.embed.mongo.MongodExecutable] start MongodConfig{version=GenericFeatureAwareVersion{4.0.28}, timeout=de.flapdoodle.embed.mongo.config.Timeout@4aece6fe, net=de.flapdoodle.embed.mongo.config.Net@d9c095f, cmdOptions=MongoCmdOptions{syncDelay=0, useDefaultSyncDelay=false, isVerbose=false, useNoPrealloc=true, useSmallFiles=true, useNoJournal=true, enableTextSearch=false, auth=false, master=false}, password=, userName=, replication=de.flapdoodle.embed.mongo.config.Storage@2df6b532, isConfigServer=false, isShardServer=false, processListener=de.flapdoodle.embed.mongo.config.processlistener.NoopProcessListener@57e78b3e, params={}, args={}, pidFile=mongod.pid, supportConfig=de.flapdoodle.embed.mongo.config.SupportConfig@7a114c2a}
2024-09-23 15:37:38,171 INFO [Thread-4] [org.springframework.boot.autoconfigure.mongo.embedded.EmbeddedMongo] 2024-09-23T15:37:38.171-0400 I INDEX    [LogicalSessionCacheRefresh] build index on: config.system.sessions properties: { v: 2, key: { lastUse: 1 }, name: "lsidTTLIndex", ns: "config.system.sessions", expireAfterSeconds: 1800 }
2024-09-23 15:37:38,171 INFO [Thread-4] [org.springframework.boot.autoconfigure.mongo.embedded.EmbeddedMongo] 2024-09-23T15:37:38.171-0400 I INDEX    [LogicalSessionCacheRefresh] 	 building index using bulk method; build may temporarily use up to 500 megabytes of RAM
2024-09-23 15:37:38,171 INFO [Thread-4] [org.springframework.boot.autoconfigure.mongo.embedded.EmbeddedMongo] 2024-09-23T15:37:38.171-0400 W STORAGE  [LogicalSessionCacheRefresh] failed to create WiredTiger bulk cursor: Resource device
2024-09-23 15:37:38,172 INFO [Thread-4] [org.springframework.boot.autoconfigure.mongo.embedded.EmbeddedMongo] 2024-09-23T15:37:38.171-0400 W STORAGE  [LogicalSessionCacheRefresh] falling back to non-bulk cursor for index table:index-6--1804192713151239334
2024-09-23 15:37:38,172 INFO [Thread-4] [org.springframework.boot.autoconfigure.mongo.embedded.EmbeddedMongo] 2024-09-23T15:37:38.171-0400 I INDEX    [LogicalSessionCacheRefresh] build index done.  scanned 0 total records. 0 secs
2024-09-23 15:37:38,412 INFO [Thread-4] [org.springframework.boot.autoconfigure.mongo.embedded.EmbeddedMongo] 2024-09-23T15:37:38.412-0400 I NETWORK  [listener] connection accepted from 127.0.0.1:54301 #1 (1 connection now open)
2024-09-23 15:37:38,412 INFO [Thread-4] [org.springframework.boot.autoconfigure.mongo.embedded.EmbeddedMongo] 2024-09-23T15:37:38.413-0400 I NETWORK  [listener] connection accepted from 127.0.0.1:54302 #2 (2 connections now open)
2024-09-23 15:37:38,420 INFO [restartedMain] [org.mongodb.driver.client] MongoClient with metadata {"driver": {"name": "mongo-java-driver|sync|spring-boot", "version": "4.6.1"}, "os": {"type": "Windows", "name": "Windows 10", "architecture": "amd64", "version": "10.0"}, "platform": "Java/Eclipse Adoptium/17.0.9+9"} created with settings MongoClientSettings{readPreference=primary, writeConcern=WriteConcern{w=null, wTimeout=null ms, journal=null}, retryWrites=true, retryReads=true, readConcern=ReadConcern{level=null}, credential=null, streamFactoryFactory=null, commandListeners=[io.micrometer.core.instrument.binder.mongodb.MongoMetricsCommandListener@33e74646], codecRegistry=ProvidersCodecRegistry{codecProviders=[ValueCodecProvider{}, BsonValueCodecProvider{}, DBRefCodecProvider{}, DBObjectCodecProvider{}, DocumentCodecProvider{}, IterableCodecProvider{}, MapCodecProvider{}, GeoJsonCodecProvider{}, GridFSFileCodecProvider{}, Jsr310CodecProvider{}, JsonObjectCodecProvider{}, BsonCodecProvider{}, EnumCodecProvider{}, com.mongodb.Jep395RecordCodecProvider@37c9903]}, clusterSettings={hosts=[localhost:27017], srvServiceName=mongodb, mode=SINGLE, requiredClusterType=UNKNOWN, requiredReplicaSetName='null', serverSelector='null', clusterListeners='[]', serverSelectionTimeout='30000 ms', localThreshold='30000 ms'}, socketSettings=SocketSettings{connectTimeoutMS=10000, readTimeoutMS=0, receiveBufferSize=0, sendBufferSize=0}, heartbeatSocketSettings=SocketSettings{connectTimeoutMS=10000, readTimeoutMS=10000, receiveBufferSize=0, sendBufferSize=0}, connectionPoolSettings=ConnectionPoolSettings{maxSize=100, minSize=0, maxWaitTimeMS=120000, maxConnectionLifeTimeMS=0, maxConnectionIdleTimeMS=0, maintenanceInitialDelayMS=0, maintenanceFrequencyMS=60000, connectionPoolListeners=[io.micrometer.core.instrument.binder.mongodb.MongoMetricsConnectionPoolListener@3e3b6a6c], maxConnecting=2}, serverSettings=ServerSettings{heartbeatFrequencyMS=10000, minHeartbeatFrequencyMS=500, serverListeners='[]', serverMonitorListeners='[]'}, sslSettings=SslSettings{enabled=false, invalidHostNameAllowed=false, context=null}, applicationName='null', compressorList=[], uuidRepresentation=JAVA_LEGACY, serverApi=null, autoEncryptionSettings=null, contextProvider=null}
2024-09-23 15:37:38,423 INFO [Thread-4] [org.springframework.boot.autoconfigure.mongo.embedded.EmbeddedMongo] 2024-09-23T15:37:38.423-0400 I NETWORK  [conn2] received client metadata from 127.0.0.1:54302 conn2: { driver: { name: "mongo-java-driver|sync|spring-boot", version: "4.6.1" }, os: { type: "Windows", name: "Windows 10", architecture: "amd64", version: "10.0" }, platform: "Java/Eclipse Adoptium/17.0.9+9" }
2024-09-23 15:37:38,423 INFO [Thread-4] [org.springframework.boot.autoconfigure.mongo.embedded.EmbeddedMongo] 2024-09-23T15:37:38.423-0400 I NETWORK  [conn1] received client metadata from 127.0.0.1:54301 conn1: { driver: { name: "mongo-java-driver|sync|spring-boot", version: "4.6.1" }, os: { type: "Windows", name: "Windows 10", architecture: "amd64", version: "10.0" }, platform: "Java/Eclipse Adoptium/17.0.9+9" }
2024-09-23 15:37:38,446 INFO [cluster-rtt-ClusterId{value='66f1c382389b633ba8faf5a1', description='null'}-localhost:27017] [org.mongodb.driver.connection] Opened connection [connectionId{localValue:1, serverValue:2}] to localhost:27017
2024-09-23 15:37:38,446 INFO [cluster-ClusterId{value='66f1c382389b633ba8faf5a1', description='null'}-localhost:27017] [org.mongodb.driver.connection] Opened connection [connectionId{localValue:2, serverValue:1}] to localhost:27017
2024-09-23 15:37:38,446 INFO [cluster-ClusterId{value='66f1c382389b633ba8faf5a1', description='null'}-localhost:27017] [org.mongodb.driver.cluster] Monitor thread successfully connected to server with description ServerDescription{address=localhost:27017, type=STANDALONE, state=CONNECTED, ok=true, minWireVersion=0, maxWireVersion=7, maxDocumentSize=16777216, logicalSessionTimeoutMinutes=30, roundTripTimeNanos=27614300}
2024-09-23 15:37:38,674 INFO [restartedMain] [org.springframework.boot.devtools.autoconfigure.OptionalLiveReloadServer] LiveReload server is running on port 35729
2024-09-23 15:37:39,424 INFO [restartedMain] [org.springframework.boot.actuate.endpoint.web.EndpointLinksResolver] Exposing 0 endpoint(s) beneath base path '/actuator'
2024-09-23 15:37:39,443 INFO [restartedMain] [org.apache.coyote.http11.Http11NioProtocol] Starting ProtocolHandler ["http-nio-8080"]
2024-09-23 15:37:39,467 INFO [restartedMain] [org.springframework.boot.web.embedded.tomcat.TomcatWebServer] Tomcat started on port(s): 8080 (http) with context path ''
2024-09-23 15:37:39,479 INFO [restartedMain] [com.telushealth.hialtesthub.HialTestHubApplication] Started HialTestHubApplication in 5.68 seconds (JVM running for 6.521)
2024-09-23 15:37:39,609 INFO [Thread-4] [org.springframework.boot.autoconfigure.mongo.embedded.EmbeddedMongo] 2024-09-23T15:37:39.609-0400 I NETWORK  [listener] connection accepted from 127.0.0.1:54303 #3 (3 connections now open)
2024-09-23 15:37:39,609 INFO [Thread-4] [org.springframework.boot.autoconfigure.mongo.embedded.EmbeddedMongo] 2024-09-23T15:37:39.609-0400 I NETWORK  [conn3] received client metadata from 127.0.0.1:54303 conn3: { driver: { name: "mongo-java-driver|sync|spring-boot", version: "4.6.1" }, os: { type: "Windows", name: "Windows 10", architecture: "amd64", version: "10.0" }, platform: "Java/Eclipse Adoptium/17.0.9+9" }
2024-09-23 15:37:39,610 INFO [restartedMain] [org.mongodb.driver.connection] Opened connection [connectionId{localValue:3, serverValue:3}] to localhost:27017
2024-09-23 15:37:39,636 INFO [Thread-4] [org.springframework.boot.autoconfigure.mongo.embedded.EmbeddedMongo] 2024-09-23T15:37:39.636-0400 I STORAGE  [conn3] createCollection: test.endpoint with generated UUID: 3bbf2960-a25c-466e-b7fe-e6cf77723745
2024-09-23 15:37:39,737 INFO [Thread-4] [org.springframework.boot.autoconfigure.mongo.embedded.EmbeddedMongo] 2024-09-23T15:37:39.737-0400 I STORAGE  [conn3] createCollection: test.testCase with generated UUID: 7d719da3-e764-4187-b9ed-f6a4ac3709f4
2024-09-23 15:37:40,595 INFO [RMI TCP Connection(9)-127.0.0.1] [org.apache.catalina.core.ContainerBase.[Tomcat].[localhost].[/]] Initializing Spring DispatcherServlet 'dispatcherServlet'
2024-09-23 15:37:40,595 INFO [RMI TCP Connection(9)-127.0.0.1] [org.springframework.web.servlet.DispatcherServlet] Initializing Servlet 'dispatcherServlet'
2024-09-23 15:37:40,597 INFO [RMI TCP Connection(9)-127.0.0.1] [org.springframework.web.servlet.DispatcherServlet] Completed initialization in 1 ms
2024-09-23 15:37:46,779 INFO [Thread-4] [org.springframework.boot.autoconfigure.mongo.embedded.EmbeddedMongo] 2024-09-23T15:37:46.779-0400 I NETWORK  [listener] connection accepted from 127.0.0.1:54327 #4 (4 connections now open)
2024-09-23 15:37:46,779 INFO [Thread-4] [org.springframework.boot.autoconfigure.mongo.embedded.EmbeddedMongo] 2024-09-23T15:37:46.779-0400 I NETWORK  [conn4] received client metadata from 127.0.0.1:54327 conn4: { driver: { name: "mongo-java-driver|sync|spring-boot", version: "4.6.1" }, os: { type: "Windows", name: "Windows 10", architecture: "amd64", version: "10.0" }, platform: "Java/Eclipse Adoptium/17.0.9+9" }
2024-09-23 15:37:46,780 INFO [http-nio-8080-exec-2] [org.mongodb.driver.connection] Opened connection [connectionId{localValue:4, serverValue:4}] to localhost:27017
2024-09-23 15:39:20,446 INFO [Thread-4] [org.springframework.boot.autoconfigure.mongo.embedded.EmbeddedMongo] 2024-09-23T15:39:20.446-0400 I COMMAND  [conn4] CMD: drop test.endpoint
2024-09-23 15:39:20,448 INFO [Thread-4] [org.springframework.boot.autoconfigure.mongo.embedded.EmbeddedMongo] 2024-09-23T15:39:20.449-0400 I STORAGE  [conn4] Finishing collection drop for test.endpoint (3bbf2960-a25c-466e-b7fe-e6cf77723745).
2024-09-23 15:39:20,488 INFO [Thread-4] [org.springframework.boot.autoconfigure.mongo.embedded.EmbeddedMongo] 2024-09-23T15:39:20.488-0400 I STORAGE  [conn4] createCollection: test.endpoint with generated UUID: 4d39c5bd-d924-4f23-8e54-5dd22e6d44b5
2024-09-23 15:39:20,593 INFO [Thread-4] [org.springframework.boot.autoconfigure.mongo.embedded.EmbeddedMongo] 2024-09-23T15:39:20.594-0400 I COMMAND  [conn4] command test.endpoint command: insert { insert: "endpoint", ordered: true, $db: "test", lsid: { id: UUID("2e63da9f-a574-4247-aeda-0b0e41b27ec0") } } ninserted:1 keysInserted:1 numYields:0 reslen:45 locks:{ Global: { acquireCount: { r: 3, w: 3 } }, Database: { acquireCount: { w: 2, W: 1 } }, Collection: { acquireCount: { w: 2 } } } storage:{} protocol:op_msg 102ms
2024-09-23 15:41:49,411 INFO [Thread-4] [org.springframework.boot.autoconfigure.mongo.embedded.EmbeddedMongo] 2024-09-23T15:41:49.411-0400 I STORAGE  [conn4] createCollection: test.soapTransaction with generated UUID: 4051b316-1f41-46a4-bffa-61a27e0cd137
2024-09-23 16:00:13,542 INFO [File Watcher] [org.springframework.boot.devtools.autoconfigure.LocalDevToolsAutoConfiguration$RestartingClassPathChangeChangedEventListener] Restarting due to 2 class path changes (0 additions, 0 deletions, 2 modifications)
2024-09-23 16:00:13,565 INFO [Thread-6] [org.apache.coyote.http11.Http11NioProtocol] Pausing ProtocolHandler ["http-nio-8080"]
2024-09-23 16:00:13,565 INFO [Thread-6] [org.apache.catalina.core.StandardService] Stopping service [Tomcat]
2024-09-23 16:00:13,570 INFO [Thread-6] [org.apache.catalina.core.ContainerBase.[Tomcat].[localhost].[/]] Destroying Spring FrameworkServlet 'dispatcherServlet'
2024-09-23 16:00:13,580 WARN [Thread-6] [org.apache.catalina.loader.WebappClassLoaderBase] The web application [ROOT] appears to have started a thread named [logback-2] but has failed to stop it. This is very likely to create a memory leak. Stack trace of thread:
 java.base@17.0.9/jdk.internal.misc.Unsafe.park(Native Method)
 java.base@17.0.9/java.util.concurrent.locks.LockSupport.park(LockSupport.java:341)
 java.base@17.0.9/java.util.concurrent.locks.AbstractQueuedSynchronizer$ConditionNode.block(AbstractQueuedSynchronizer.java:506)
 java.base@17.0.9/java.util.concurrent.ForkJoinPool.unmanagedBlock(ForkJoinPool.java:3465)
 java.base@17.0.9/java.util.concurrent.ForkJoinPool.managedBlock(ForkJoinPool.java:3436)
 java.base@17.0.9/java.util.concurrent.locks.AbstractQueuedSynchronizer$ConditionObject.await(AbstractQueuedSynchronizer.java:1623)
 java.base@17.0.9/java.util.concurrent.ScheduledThreadPoolExecutor$DelayedWorkQueue.take(ScheduledThreadPoolExecutor.java:1170)
 java.base@17.0.9/java.util.concurrent.ScheduledThreadPoolExecutor$DelayedWorkQueue.take(ScheduledThreadPoolExecutor.java:899)
 java.base@17.0.9/java.util.concurrent.ThreadPoolExecutor.getTask(ThreadPoolExecutor.java:1062)
 java.base@17.0.9/java.util.concurrent.ThreadPoolExecutor.runWorker(ThreadPoolExecutor.java:1122)
 java.base@17.0.9/java.util.concurrent.ThreadPoolExecutor$Worker.run(ThreadPoolExecutor.java:635)
 java.base@17.0.9/java.lang.Thread.run(Thread.java:840)
2024-09-23 16:00:13,581 INFO [Thread-6] [org.apache.coyote.http11.Http11NioProtocol] Stopping ProtocolHandler ["http-nio-8080"]
2024-09-23 16:00:13,585 INFO [Thread-6] [org.apache.coyote.http11.Http11NioProtocol] Destroying ProtocolHandler ["http-nio-8080"]
2024-09-23 16:00:13,596 INFO [Thread-4] [org.springframework.boot.autoconfigure.mongo.embedded.EmbeddedMongo] 2024-09-23T16:00:13.596-0400 I NETWORK  [conn4] end connection 127.0.0.1:54327 (3 connections now open)
2024-09-23 16:00:13,596 INFO [Thread-4] [org.springframework.boot.autoconfigure.mongo.embedded.EmbeddedMongo] 2024-09-23T16:00:13.596-0400 I NETWORK  [conn3] end connection 127.0.0.1:54303 (2 connections now open)
2024-09-23 16:00:13,596 INFO [Thread-4] [org.springframework.boot.autoconfigure.mongo.embedded.EmbeddedMongo] 2024-09-23T16:00:13.596-0400 I NETWORK  [conn1] end connection 127.0.0.1:54301 (1 connection now open)
2024-09-23 16:00:13,596 INFO [Thread-4] [org.springframework.boot.autoconfigure.mongo.embedded.EmbeddedMongo] 2024-09-23T16:00:13.596-0400 I NETWORK  [conn2] end connection 127.0.0.1:54302 (0 connections now open)
2024-09-23 16:00:13,599 INFO [Thread-4] [org.springframework.boot.autoconfigure.mongo.embedded.EmbeddedMongo] 2024-09-23T16:00:13.600-0400 I NETWORK  [listener] connection accepted from 127.0.0.1:54744 #5 (1 connection now open)
2024-09-23 16:00:13,604 INFO [Thread-4] [org.springframework.boot.autoconfigure.mongo.embedded.EmbeddedMongo] 2024-09-23T16:00:13.604-0400 I COMMAND  [conn5] terminating, shutdown command received { shutdown: 1, force: true, timeoutSecs: 0, $db: "admin" }
2024-09-23 16:00:13,604 INFO [Thread-4] [org.springframework.boot.autoconfigure.mongo.embedded.EmbeddedMongo] 2024-09-23T16:00:13.604-0400 I CONTROL  [conn5] Shutdown started
2024-09-23 16:00:13,604 INFO [Thread-4] [org.springframework.boot.autoconfigure.mongo.embedded.EmbeddedMongo] 2024-09-23T16:00:13.604-0400 I CONTROL  [conn5] Shutting down the LogicalSessionCache
2024-09-23 16:00:13,605 INFO [Thread-4] [org.springframework.boot.autoconfigure.mongo.embedded.EmbeddedMongo] 2024-09-23T16:00:13.605-0400 I NETWORK  [conn5] shutdown: going to close listening sockets...
2024-09-23 16:00:13,614 INFO [Thread-4] [org.springframework.boot.autoconfigure.mongo.embedded.EmbeddedMongo] 2024-09-23T16:00:13.614-0400 I NETWORK  [conn5] Shutting down the global connection pool
2024-09-23 16:00:13,614 INFO [Thread-4] [org.springframework.boot.autoconfigure.mongo.embedded.EmbeddedMongo] 2024-09-23T16:00:13.614-0400 I STORAGE  [conn5] Shutting down the PeriodicThreadToAbortExpiredTransactions
2024-09-23 16:00:13,614 INFO [Thread-4] [org.springframework.boot.autoconfigure.mongo.embedded.EmbeddedMongo] 2024-09-23T16:00:13.614-0400 I REPL     [conn5] Shutting down the ReplicationCoordinator
2024-09-23 16:00:13,614 INFO [Thread-4] [org.springframework.boot.autoconfigure.mongo.embedded.EmbeddedMongo] 2024-09-23T16:00:13.614-0400 I SHARDING [conn5] Shutting down the ShardingInitializationMongoD
2024-09-23 16:00:13,614 INFO [Thread-4] [org.springframework.boot.autoconfigure.mongo.embedded.EmbeddedMongo] 2024-09-23T16:00:13.614-0400 I COMMAND  [conn5] Killing all open transactions
2024-09-23 16:00:13,614 INFO [Thread-4] [org.springframework.boot.autoconfigure.mongo.embedded.EmbeddedMongo] 2024-09-23T16:00:13.614-0400 I -        [conn5] Killing all operations for shutdown
2024-09-23 16:00:13,614 INFO [Thread-4] [org.springframework.boot.autoconfigure.mongo.embedded.EmbeddedMongo] 2024-09-23T16:00:13.614-0400 I NETWORK  [conn5] Shutting down the ReplicaSetMonitor
2024-09-23 16:00:13,615 INFO [Thread-4] [org.springframework.boot.autoconfigure.mongo.embedded.EmbeddedMongo] 2024-09-23T16:00:13.615-0400 I CONTROL  [conn5] Shutting down free monitoring
2024-09-23 16:00:13,615 INFO [Thread-4] [org.springframework.boot.autoconfigure.mongo.embedded.EmbeddedMongo] 2024-09-23T16:00:13.615-0400 I CONTROL  [conn5] Shutting down free monitoring
2024-09-23 16:00:13,616 INFO [Thread-4] [org.springframework.boot.autoconfigure.mongo.embedded.EmbeddedMongo] 2024-09-23T16:00:13.616-0400 I FTDC     [conn5] Shutting down full-time data capture
2024-09-23 16:00:13,616 INFO [Thread-4] [org.springframework.boot.autoconfigure.mongo.embedded.EmbeddedMongo] 2024-09-23T16:00:13.616-0400 I FTDC     [conn5] Shutting down full-time diagnostic data capture
2024-09-23 16:00:13,622 INFO [Thread-4] [org.springframework.boot.autoconfigure.mongo.embedded.EmbeddedMongo] 2024-09-23T16:00:13.622-0400 I STORAGE  [conn5] Shutting down the HealthLog
2024-09-23 16:00:13,622 INFO [Thread-4] [org.springframework.boot.autoconfigure.mongo.embedded.EmbeddedMongo] 2024-09-23T16:00:13.622-0400 I STORAGE  [conn5] Shutting down the storage engine
2024-09-23 16:00:13,622 INFO [Thread-4] [org.springframework.boot.autoconfigure.mongo.embedded.EmbeddedMongo] 2024-09-23T16:00:13.622-0400 I STORAGE  [conn5] WiredTigerKVEngine shutting down
2024-09-23 16:00:13,622 INFO [Thread-4] [org.springframework.boot.autoconfigure.mongo.embedded.EmbeddedMongo] 2024-09-23T16:00:13.622-0400 I STORAGE  [conn5] Shutting down session sweeper thread
2024-09-23 16:00:13,622 INFO [Thread-4] [org.springframework.boot.autoconfigure.mongo.embedded.EmbeddedMongo] 2024-09-23T16:00:13.622-0400 I STORAGE  [conn5] Finished shutting down session sweeper thread
2024-09-23 16:00:13,671 INFO [Thread-4] [org.springframework.boot.autoconfigure.mongo.embedded.EmbeddedMongo] 2024-09-23T16:00:13.671-0400 I STORAGE  [conn5] shutdown: removing fs lock...
2024-09-23 16:00:13,671 INFO [Thread-4] [org.springframework.boot.autoconfigure.mongo.embedded.EmbeddedMongo] 2024-09-23T16:00:13.671-0400 I -        [conn5] Dropping the scope cache for shutdown
2024-09-23 16:00:13,671 INFO [Thread-4] [org.springframework.boot.autoconfigure.mongo.embedded.EmbeddedMongo] 2024-09-23T16:00:13.671-0400 I CONTROL  [conn5] now exiting
2024-09-23 16:00:13,671 INFO [Thread-4] [org.springframework.boot.autoconfigure.mongo.embedded.EmbeddedMongo] 2024-09-23T16:00:13.671-0400 I CONTROL  [conn5] shutting down with code:0
2024-09-23 16:00:13,976 INFO [restartedMain] [com.telushealth.hialtesthub.HialTestHubApplication] Starting HialTestHubApplication using Java 17.0.9 on L116198 with PID 6904 (C:\GitHub\NLCHI-HIALTestHub\target\classes started by T968629 in C:\GitHub\NLCHI-HIALTestHub)
2024-09-23 16:00:13,976 INFO [restartedMain] [com.telushealth.hialtesthub.HialTestHubApplication] No active profile set, falling back to 1 default profile: "default"
2024-09-23 16:00:14,458 INFO [restartedMain] [org.springframework.data.repository.config.RepositoryConfigurationDelegate] Bootstrapping Spring Data MongoDB repositories in DEFAULT mode.
2024-09-23 16:00:14,466 INFO [restartedMain] [org.springframework.data.repository.config.RepositoryConfigurationDelegate] Finished Spring Data repository scanning in 7 ms. Found 0 MongoDB repository interfaces.
2024-09-23 16:00:14,508 INFO [restartedMain] [org.springframework.context.support.PostProcessorRegistrationDelegate$BeanPostProcessorChecker] Bean 'org.springframework.ws.config.annotation.DelegatingWsConfiguration' of type [org.springframework.ws.config.annotation.DelegatingWsConfiguration$$EnhancerBySpringCGLIB$$25af8e5e] is not eligible for getting processed by all BeanPostProcessors (for example: not eligible for auto-proxying)
2024-09-23 16:00:14,510 INFO [restartedMain] [org.springframework.ws.soap.addressing.server.AnnotationActionEndpointMapping] Supporting [WS-Addressing August 2004, WS-Addressing 1.0]
2024-09-23 16:00:14,570 INFO [restartedMain] [org.springframework.boot.web.embedded.tomcat.TomcatWebServer] Tomcat initialized with port(s): 8080 (http)
2024-09-23 16:00:14,571 INFO [restartedMain] [org.apache.coyote.http11.Http11NioProtocol] Initializing ProtocolHandler ["http-nio-8080"]
2024-09-23 16:00:14,571 INFO [restartedMain] [org.apache.catalina.core.StandardService] Starting service [Tomcat]
2024-09-23 16:00:14,571 INFO [restartedMain] [org.apache.catalina.core.StandardEngine] Starting Servlet engine: [Apache Tomcat/9.0.80]
2024-09-23 16:00:14,601 INFO [restartedMain] [org.apache.catalina.core.ContainerBase.[Tomcat].[localhost].[/]] Initializing Spring embedded WebApplicationContext
2024-09-23 16:00:14,602 INFO [restartedMain] [org.springframework.boot.web.servlet.context.ServletWebServerApplicationContext] Root WebApplicationContext: initialization completed in 623 ms
2024-09-23 16:00:15,262 INFO [Thread-12] [org.springframework.boot.autoconfigure.mongo.embedded.EmbeddedMongo] 2024-09-23T16:00:15.262-0400 I CONTROL  [main] note: noprealloc may hurt performance in many applications
2024-09-23 16:00:15,326 INFO [Thread-12] [org.springframework.boot.autoconfigure.mongo.embedded.EmbeddedMongo] 2024-09-23T16:00:15.327-0400 I CONTROL  [main] Automatically disabling TLS 1.0, to force-enable TLS 1.0 specify --sslDisabledProtocols 'none'
2024-09-23 16:00:15,332 INFO [Thread-12] [org.springframework.boot.autoconfigure.mongo.embedded.EmbeddedMongo] 2024-09-23T16:00:15.332-0400 I CONTROL  [initandlisten] MongoDB starting : pid=4660 port=27017 dbpath=C:\Users\T968629\AppData\Local\Temp\embedmongo-db-12cf7263-7f24-42e7-b08f-fa31462b6f61 64-bit host=L116198
2024-09-23 16:00:15,332 INFO [Thread-12] [org.springframework.boot.autoconfigure.mongo.embedded.EmbeddedMongo] 2024-09-23T16:00:15.333-0400 I CONTROL  [initandlisten] targetMinOS: Windows 7/Windows Server 2008 R2
2024-09-23 16:00:15,332 INFO [Thread-12] [org.springframework.boot.autoconfigure.mongo.embedded.EmbeddedMongo] 2024-09-23T16:00:15.333-0400 I CONTROL  [initandlisten] db version v4.0.28
2024-09-23 16:00:15,332 INFO [Thread-12] [org.springframework.boot.autoconfigure.mongo.embedded.EmbeddedMongo] 2024-09-23T16:00:15.333-0400 I CONTROL  [initandlisten] git version: af1a9dc12adcfa83cc19571cb3faba26eeddac92
2024-09-23 16:00:15,332 INFO [Thread-12] [org.springframework.boot.autoconfigure.mongo.embedded.EmbeddedMongo] 2024-09-23T16:00:15.333-0400 I CONTROL  [initandlisten] allocator: tcmalloc
2024-09-23 16:00:15,332 INFO [Thread-12] [org.springframework.boot.autoconfigure.mongo.embedded.EmbeddedMongo] 2024-09-23T16:00:15.333-0400 I CONTROL  [initandlisten] modules: none
2024-09-23 16:00:15,332 INFO [Thread-12] [org.springframework.boot.autoconfigure.mongo.embedded.EmbeddedMongo] 2024-09-23T16:00:15.333-0400 I CONTROL  [initandlisten] build environment:
2024-09-23 16:00:15,332 INFO [Thread-12] [org.springframework.boot.autoconfigure.mongo.embedded.EmbeddedMongo] 2024-09-23T16:00:15.333-0400 I CONTROL  [initandlisten]     distmod: 2008plus-ssl
2024-09-23 16:00:15,332 INFO [Thread-12] [org.springframework.boot.autoconfigure.mongo.embedded.EmbeddedMongo] 2024-09-23T16:00:15.333-0400 I CONTROL  [initandlisten]     distarch: x86_64
2024-09-23 16:00:15,332 INFO [Thread-12] [org.springframework.boot.autoconfigure.mongo.embedded.EmbeddedMongo] 2024-09-23T16:00:15.333-0400 I CONTROL  [initandlisten]     target_arch: x86_64
2024-09-23 16:00:15,332 INFO [Thread-12] [org.springframework.boot.autoconfigure.mongo.embedded.EmbeddedMongo] 2024-09-23T16:00:15.333-0400 I CONTROL  [initandlisten] options: { net: { bindIp: "127.0.0.1", port: 27017 }, security: { authorization: "disabled" }, storage: { dbPath: "C:\Users\T968629\AppData\Local\Temp\embedmongo-db-12cf7263-7f24-42e7-b08f-fa31462b6f61", journal: { enabled: false }, mmapv1: { preallocDataFiles: false, smallFiles: true }, syncPeriodSecs: 0.0 } }
2024-09-23 16:00:15,334 INFO [Thread-12] [org.springframework.boot.autoconfigure.mongo.embedded.EmbeddedMongo] 2024-09-23T16:00:15.334-0400 I STORAGE  [initandlisten] wiredtiger_open config: create,cache_size=7328M,cache_overflow=(file_max=0M),session_max=20000,eviction=(threads_min=4,threads_max=4),config_base=false,statistics=(fast),log=(enabled=true,archive=true,path=journal,compressor=snappy),file_manager=(close_idle_time=100000),statistics_log=(wait=0),verbose=(recovery_progress),,log=(enabled=false),
2024-09-23 16:00:15,359 INFO [Thread-12] [org.springframework.boot.autoconfigure.mongo.embedded.EmbeddedMongo] 2024-09-23T16:00:15.360-0400 I STORAGE  [initandlisten] WiredTiger message [1727121615:359966][4660:140708145223824], txn-recover: Set global recovery timestamp: 0
2024-09-23 16:00:15,387 INFO [Thread-12] [org.springframework.boot.autoconfigure.mongo.embedded.EmbeddedMongo] 2024-09-23T16:00:15.387-0400 I RECOVERY [initandlisten] WiredTiger recoveryTimestamp. Ts: Timestamp(0, 0)
2024-09-23 16:00:15,434 INFO [Thread-12] [org.springframework.boot.autoconfigure.mongo.embedded.EmbeddedMongo] 2024-09-23T16:00:15.434-0400 I STORAGE  [initandlisten] Starting to check the table logging settings for existing WiredTiger tables
2024-09-23 16:00:15,450 INFO [Thread-12] [org.springframework.boot.autoconfigure.mongo.embedded.EmbeddedMongo] 2024-09-23T16:00:15.450-0400 W STORAGE  [initandlisten] Detected configuration for non-active storage engine mmapv1 when current storage engine is wiredTiger
2024-09-23 16:00:15,451 INFO [Thread-12] [org.springframework.boot.autoconfigure.mongo.embedded.EmbeddedMongo] 2024-09-23T16:00:15.451-0400 I STORAGE  [initandlisten] createCollection: admin.system.version with provided UUID: e01fdd18-f8b5-4fb9-82aa-467d540d08de
2024-09-23 16:00:15,491 INFO [Thread-12] [org.springframework.boot.autoconfigure.mongo.embedded.EmbeddedMongo] 2024-09-23T16:00:15.492-0400 I COMMAND  [initandlisten] setting featureCompatibilityVersion to 4.0
2024-09-23 16:00:15,492 INFO [Thread-12] [org.springframework.boot.autoconfigure.mongo.embedded.EmbeddedMongo] 2024-09-23T16:00:15.492-0400 I STORAGE  [initandlisten] Finished adjusting the table logging settings for existing WiredTiger tables
2024-09-23 16:00:15,492 INFO [Thread-12] [org.springframework.boot.autoconfigure.mongo.embedded.EmbeddedMongo] 2024-09-23T16:00:15.493-0400 I STORAGE  [initandlisten] createCollection: local.startup_log with generated UUID: 2aab8ac9-fab0-43ea-a4ca-6b5e0aa20c90
2024-09-23 16:00:16,525 INFO [Thread-12] [org.springframework.boot.autoconfigure.mongo.embedded.EmbeddedMongo] 2024-09-23T16:00:16.525-0400 I FTDC     [initandlisten] Initializing full-time diagnostic data capture with directory 'C:/Users/T968629/AppData/Local/Temp/embedmongo-db-12cf7263-7f24-42e7-b08f-fa31462b6f61/diagnostic.data'
2024-09-23 16:00:16,529 INFO [Thread-12] [org.springframework.boot.autoconfigure.mongo.embedded.EmbeddedMongo] 2024-09-23T16:00:16.529-0400 I CONTROL  [LogicalSessionCacheReap] Sessions collection is not set up; waiting until next sessions reap interval: config.system.sessions does not exist
2024-09-23 16:00:16,529 INFO [Thread-12] [org.springframework.boot.autoconfigure.mongo.embedded.EmbeddedMongo] 2024-09-23T16:00:16.530-0400 I STORAGE  [LogicalSessionCacheRefresh] createCollection: config.system.sessions with generated UUID: b0b566af-faaa-4914-a93e-9478404d012d
2024-09-23 16:00:16,529 INFO [Thread-12] [org.springframework.boot.autoconfigure.mongo.embedded.EmbeddedMongo] 2024-09-23T16:00:16.530-0400 I NETWORK  [initandlisten] waiting for connections on port 27017
2024-09-23 16:00:16,529 INFO [restartedMain] [de.flapdoodle.embed.mongo.MongodExecutable] start MongodConfig{version=GenericFeatureAwareVersion{4.0.28}, timeout=de.flapdoodle.embed.mongo.config.Timeout@3dd248bf, net=de.flapdoodle.embed.mongo.config.Net@589a9ad6, cmdOptions=MongoCmdOptions{syncDelay=0, useDefaultSyncDelay=false, isVerbose=false, useNoPrealloc=true, useSmallFiles=true, useNoJournal=true, enableTextSearch=false, auth=false, master=false}, password=, userName=, replication=de.flapdoodle.embed.mongo.config.Storage@d7c902e, isConfigServer=false, isShardServer=false, processListener=de.flapdoodle.embed.mongo.config.processlistener.NoopProcessListener@42a3d9f6, params={}, args={}, pidFile=mongod.pid, supportConfig=de.flapdoodle.embed.mongo.config.SupportConfig@6d9bf6ad}
2024-09-23 16:00:16,539 INFO [restartedMain] [org.mongodb.driver.client] MongoClient with metadata {"driver": {"name": "mongo-java-driver|sync|spring-boot", "version": "4.6.1"}, "os": {"type": "Windows", "name": "Windows 10", "architecture": "amd64", "version": "10.0"}, "platform": "Java/Eclipse Adoptium/17.0.9+9"} created with settings MongoClientSettings{readPreference=primary, writeConcern=WriteConcern{w=null, wTimeout=null ms, journal=null}, retryWrites=true, retryReads=true, readConcern=ReadConcern{level=null}, credential=null, streamFactoryFactory=null, commandListeners=[io.micrometer.core.instrument.binder.mongodb.MongoMetricsCommandListener@19907a2b], codecRegistry=ProvidersCodecRegistry{codecProviders=[ValueCodecProvider{}, BsonValueCodecProvider{}, DBRefCodecProvider{}, DBObjectCodecProvider{}, DocumentCodecProvider{}, IterableCodecProvider{}, MapCodecProvider{}, GeoJsonCodecProvider{}, GridFSFileCodecProvider{}, Jsr310CodecProvider{}, JsonObjectCodecProvider{}, BsonCodecProvider{}, EnumCodecProvider{}, com.mongodb.Jep395RecordCodecProvider@37c9903]}, clusterSettings={hosts=[localhost:27017], srvServiceName=mongodb, mode=SINGLE, requiredClusterType=UNKNOWN, requiredReplicaSetName='null', serverSelector='null', clusterListeners='[]', serverSelectionTimeout='30000 ms', localThreshold='30000 ms'}, socketSettings=SocketSettings{connectTimeoutMS=10000, readTimeoutMS=0, receiveBufferSize=0, sendBufferSize=0}, heartbeatSocketSettings=SocketSettings{connectTimeoutMS=10000, readTimeoutMS=10000, receiveBufferSize=0, sendBufferSize=0}, connectionPoolSettings=ConnectionPoolSettings{maxSize=100, minSize=0, maxWaitTimeMS=120000, maxConnectionLifeTimeMS=0, maxConnectionIdleTimeMS=0, maintenanceInitialDelayMS=0, maintenanceFrequencyMS=60000, connectionPoolListeners=[io.micrometer.core.instrument.binder.mongodb.MongoMetricsConnectionPoolListener@652df2a8], maxConnecting=2}, serverSettings=ServerSettings{heartbeatFrequencyMS=10000, minHeartbeatFrequencyMS=500, serverListeners='[]', serverMonitorListeners='[]'}, sslSettings=SslSettings{enabled=false, invalidHostNameAllowed=false, context=null}, applicationName='null', compressorList=[], uuidRepresentation=JAVA_LEGACY, serverApi=null, autoEncryptionSettings=null, contextProvider=null}
2024-09-23 16:00:16,541 INFO [Thread-12] [org.springframework.boot.autoconfigure.mongo.embedded.EmbeddedMongo] 2024-09-23T16:00:16.542-0400 I NETWORK  [listener] connection accepted from 127.0.0.1:54747 #1 (1 connection now open)
2024-09-23 16:00:16,542 INFO [Thread-12] [org.springframework.boot.autoconfigure.mongo.embedded.EmbeddedMongo] 2024-09-23T16:00:16.542-0400 I NETWORK  [listener] connection accepted from 127.0.0.1:54748 #2 (2 connections now open)
2024-09-23 16:00:16,542 INFO [Thread-12] [org.springframework.boot.autoconfigure.mongo.embedded.EmbeddedMongo] 2024-09-23T16:00:16.542-0400 I NETWORK  [conn1] received client metadata from 127.0.0.1:54747 conn1: { driver: { name: "mongo-java-driver|sync|spring-boot", version: "4.6.1" }, os: { type: "Windows", name: "Windows 10", architecture: "amd64", version: "10.0" }, platform: "Java/Eclipse Adoptium/17.0.9+9" }
2024-09-23 16:00:16,542 INFO [Thread-12] [org.springframework.boot.autoconfigure.mongo.embedded.EmbeddedMongo] 2024-09-23T16:00:16.543-0400 I NETWORK  [conn2] received client metadata from 127.0.0.1:54748 conn2: { driver: { name: "mongo-java-driver|sync|spring-boot", version: "4.6.1" }, os: { type: "Windows", name: "Windows 10", architecture: "amd64", version: "10.0" }, platform: "Java/Eclipse Adoptium/17.0.9+9" }
2024-09-23 16:00:16,542 INFO [cluster-rtt-ClusterId{value='66f1c8d0389b633ba8faf5b2', description='null'}-localhost:27017] [org.mongodb.driver.connection] Opened connection [connectionId{localValue:6, serverValue:1}] to localhost:27017
2024-09-23 16:00:16,542 INFO [cluster-ClusterId{value='66f1c8d0389b633ba8faf5b2', description='null'}-localhost:27017] [org.mongodb.driver.connection] Opened connection [connectionId{localValue:5, serverValue:2}] to localhost:27017
2024-09-23 16:00:16,543 INFO [cluster-ClusterId{value='66f1c8d0389b633ba8faf5b2', description='null'}-localhost:27017] [org.mongodb.driver.cluster] Monitor thread successfully connected to server with description ServerDescription{address=localhost:27017, type=STANDALONE, state=CONNECTED, ok=true, minWireVersion=0, maxWireVersion=7, maxDocumentSize=16777216, logicalSessionTimeoutMinutes=30, roundTripTimeNanos=1969000}
2024-09-23 16:00:16,577 INFO [restartedMain] [org.springframework.boot.devtools.autoconfigure.OptionalLiveReloadServer] LiveReload server is running on port 35729
2024-09-23 16:00:16,633 INFO [Thread-12] [org.springframework.boot.autoconfigure.mongo.embedded.EmbeddedMongo] 2024-09-23T16:00:16.633-0400 I INDEX    [LogicalSessionCacheRefresh] build index on: config.system.sessions properties: { v: 2, key: { lastUse: 1 }, name: "lsidTTLIndex", ns: "config.system.sessions", expireAfterSeconds: 1800 }
2024-09-23 16:00:16,633 INFO [Thread-12] [org.springframework.boot.autoconfigure.mongo.embedded.EmbeddedMongo] 2024-09-23T16:00:16.633-0400 I INDEX    [LogicalSessionCacheRefresh] 	 building index using bulk method; build may temporarily use up to 500 megabytes of RAM
2024-09-23 16:00:16,634 INFO [Thread-12] [org.springframework.boot.autoconfigure.mongo.embedded.EmbeddedMongo] 2024-09-23T16:00:16.633-0400 W STORAGE  [LogicalSessionCacheRefresh] failed to create WiredTiger bulk cursor: Resource device
2024-09-23 16:00:16,634 INFO [Thread-12] [org.springframework.boot.autoconfigure.mongo.embedded.EmbeddedMongo] 2024-09-23T16:00:16.633-0400 W STORAGE  [LogicalSessionCacheRefresh] falling back to non-bulk cursor for index table:index-6-7600508770688423062
2024-09-23 16:00:16,634 INFO [Thread-12] [org.springframework.boot.autoconfigure.mongo.embedded.EmbeddedMongo] 2024-09-23T16:00:16.633-0400 I INDEX    [LogicalSessionCacheRefresh] build index done.  scanned 0 total records. 0 secs
2024-09-23 16:00:16,634 INFO [Thread-12] [org.springframework.boot.autoconfigure.mongo.embedded.EmbeddedMongo] 2024-09-23T16:00:16.634-0400 I COMMAND  [LogicalSessionCacheRefresh] command config.$cmd command: createIndexes { createIndexes: "system.sessions", indexes: [ { key: { lastUse: 1 }, name: "lsidTTLIndex", expireAfterSeconds: 1800 } ], $db: "config" } numYields:0 reslen:114 locks:{ Global: { acquireCount: { r: 2, w: 2 } }, Database: { acquireCount: { w: 2, W: 1 } }, Collection: { acquireCount: { w: 2 } } } storage:{} protocol:op_msg 104ms
2024-09-23 16:00:16,924 INFO [restartedMain] [org.springframework.boot.actuate.endpoint.web.EndpointLinksResolver] Exposing 0 endpoint(s) beneath base path '/actuator'
2024-09-23 16:00:16,949 INFO [restartedMain] [org.apache.coyote.http11.Http11NioProtocol] Starting ProtocolHandler ["http-nio-8080"]
2024-09-23 16:00:16,958 INFO [restartedMain] [org.springframework.boot.web.embedded.tomcat.TomcatWebServer] Tomcat started on port(s): 8080 (http) with context path ''
2024-09-23 16:00:16,969 INFO [restartedMain] [com.telushealth.hialtesthub.HialTestHubApplication] Started HialTestHubApplication in 3.074 seconds (JVM running for 1363.974)
2024-09-23 16:00:16,990 INFO [Thread-12] [org.springframework.boot.autoconfigure.mongo.embedded.EmbeddedMongo] 2024-09-23T16:00:16.990-0400 I NETWORK  [listener] connection accepted from 127.0.0.1:54749 #3 (3 connections now open)
2024-09-23 16:00:16,991 INFO [Thread-12] [org.springframework.boot.autoconfigure.mongo.embedded.EmbeddedMongo] 2024-09-23T16:00:16.991-0400 I NETWORK  [conn3] received client metadata from 127.0.0.1:54749 conn3: { driver: { name: "mongo-java-driver|sync|spring-boot", version: "4.6.1" }, os: { type: "Windows", name: "Windows 10", architecture: "amd64", version: "10.0" }, platform: "Java/Eclipse Adoptium/17.0.9+9" }
2024-09-23 16:00:16,991 INFO [restartedMain] [org.mongodb.driver.connection] Opened connection [connectionId{localValue:7, serverValue:3}] to localhost:27017
2024-09-23 16:00:16,993 INFO [Thread-12] [org.springframework.boot.autoconfigure.mongo.embedded.EmbeddedMongo] 2024-09-23T16:00:16.993-0400 I STORAGE  [conn3] createCollection: test.endpoint with generated UUID: b91e16ba-44f1-4a4f-84db-41158dd327e8
2024-09-23 16:00:17,076 INFO [Thread-12] [org.springframework.boot.autoconfigure.mongo.embedded.EmbeddedMongo] 2024-09-23T16:00:17.076-0400 I STORAGE  [conn3] createCollection: test.testCase with generated UUID: a25ca0d7-5565-4925-8e1d-15aaf02de19d
2024-09-23 16:00:17,152 INFO [restartedMain] [org.springframework.boot.devtools.autoconfigure.ConditionEvaluationDeltaLoggingListener] Condition evaluation unchanged
2024-09-23 16:00:18,378 INFO [File Watcher] [org.springframework.boot.devtools.autoconfigure.LocalDevToolsAutoConfiguration$RestartingClassPathChangeChangedEventListener] Restarting due to 3 class path changes (0 additions, 0 deletions, 3 modifications)
2024-09-23 16:00:18,391 INFO [Thread-9] [org.apache.coyote.http11.Http11NioProtocol] Pausing ProtocolHandler ["http-nio-8080"]
2024-09-23 16:00:18,391 INFO [Thread-9] [org.apache.catalina.core.StandardService] Stopping service [Tomcat]
2024-09-23 16:00:18,392 INFO [Thread-9] [org.apache.coyote.http11.Http11NioProtocol] Stopping ProtocolHandler ["http-nio-8080"]
2024-09-23 16:00:18,393 INFO [Thread-9] [org.apache.coyote.http11.Http11NioProtocol] Destroying ProtocolHandler ["http-nio-8080"]
2024-09-23 16:00:18,396 INFO [Thread-12] [org.springframework.boot.autoconfigure.mongo.embedded.EmbeddedMongo] 2024-09-23T16:00:18.397-0400 I NETWORK  [conn3] end connection 127.0.0.1:54749 (2 connections now open)
2024-09-23 16:00:18,396 INFO [Thread-12] [org.springframework.boot.autoconfigure.mongo.embedded.EmbeddedMongo] 2024-09-23T16:00:18.397-0400 I NETWORK  [conn2] end connection 127.0.0.1:54748 (1 connection now open)
2024-09-23 16:00:18,396 INFO [Thread-12] [org.springframework.boot.autoconfigure.mongo.embedded.EmbeddedMongo] 2024-09-23T16:00:18.397-0400 I NETWORK  [conn1] end connection 127.0.0.1:54747 (0 connections now open)
2024-09-23 16:00:18,397 INFO [Thread-12] [org.springframework.boot.autoconfigure.mongo.embedded.EmbeddedMongo] 2024-09-23T16:00:18.398-0400 I NETWORK  [listener] connection accepted from 127.0.0.1:54751 #4 (1 connection now open)
2024-09-23 16:00:18,398 INFO [Thread-12] [org.springframework.boot.autoconfigure.mongo.embedded.EmbeddedMongo] 2024-09-23T16:00:18.399-0400 I COMMAND  [conn4] terminating, shutdown command received { shutdown: 1, force: true, timeoutSecs: 0, $db: "admin" }
2024-09-23 16:00:18,398 INFO [Thread-12] [org.springframework.boot.autoconfigure.mongo.embedded.EmbeddedMongo] 2024-09-23T16:00:18.399-0400 I CONTROL  [conn4] Shutdown started
2024-09-23 16:00:18,398 INFO [Thread-12] [org.springframework.boot.autoconfigure.mongo.embedded.EmbeddedMongo] 2024-09-23T16:00:18.399-0400 I CONTROL  [conn4] Shutting down the LogicalSessionCache
2024-09-23 16:00:18,398 INFO [Thread-12] [org.springframework.boot.autoconfigure.mongo.embedded.EmbeddedMongo] 2024-09-23T16:00:18.399-0400 I NETWORK  [conn4] shutdown: going to close listening sockets...
2024-09-23 16:00:18,400 INFO [Thread-12] [org.springframework.boot.autoconfigure.mongo.embedded.EmbeddedMongo] 2024-09-23T16:00:18.401-0400 I NETWORK  [conn4] Shutting down the global connection pool
2024-09-23 16:00:18,400 INFO [Thread-12] [org.springframework.boot.autoconfigure.mongo.embedded.EmbeddedMongo] 2024-09-23T16:00:18.401-0400 I STORAGE  [conn4] Shutting down the PeriodicThreadToAbortExpiredTransactions
2024-09-23 16:00:18,400 INFO [Thread-12] [org.springframework.boot.autoconfigure.mongo.embedded.EmbeddedMongo] 2024-09-23T16:00:18.401-0400 I REPL     [conn4] Shutting down the ReplicationCoordinator
2024-09-23 16:00:18,400 INFO [Thread-12] [org.springframework.boot.autoconfigure.mongo.embedded.EmbeddedMongo] 2024-09-23T16:00:18.401-0400 I SHARDING [conn4] Shutting down the ShardingInitializationMongoD
2024-09-23 16:00:18,400 INFO [Thread-12] [org.springframework.boot.autoconfigure.mongo.embedded.EmbeddedMongo] 2024-09-23T16:00:18.401-0400 I COMMAND  [conn4] Killing all open transactions
2024-09-23 16:00:18,400 INFO [Thread-12] [org.springframework.boot.autoconfigure.mongo.embedded.EmbeddedMongo] 2024-09-23T16:00:18.401-0400 I -        [conn4] Killing all operations for shutdown
2024-09-23 16:00:18,400 INFO [Thread-12] [org.springframework.boot.autoconfigure.mongo.embedded.EmbeddedMongo] 2024-09-23T16:00:18.401-0400 I NETWORK  [conn4] Shutting down the ReplicaSetMonitor
2024-09-23 16:00:18,400 INFO [Thread-12] [org.springframework.boot.autoconfigure.mongo.embedded.EmbeddedMongo] 2024-09-23T16:00:18.401-0400 I CONTROL  [conn4] Shutting down free monitoring
2024-09-23 16:00:18,400 INFO [Thread-12] [org.springframework.boot.autoconfigure.mongo.embedded.EmbeddedMongo] 2024-09-23T16:00:18.401-0400 I CONTROL  [conn4] Shutting down free monitoring
2024-09-23 16:00:18,400 INFO [Thread-12] [org.springframework.boot.autoconfigure.mongo.embedded.EmbeddedMongo] 2024-09-23T16:00:18.401-0400 I FTDC     [conn4] Shutting down full-time data capture
2024-09-23 16:00:18,400 INFO [Thread-12] [org.springframework.boot.autoconfigure.mongo.embedded.EmbeddedMongo] 2024-09-23T16:00:18.401-0400 I FTDC     [conn4] Shutting down full-time diagnostic data capture
2024-09-23 16:00:18,403 INFO [Thread-12] [org.springframework.boot.autoconfigure.mongo.embedded.EmbeddedMongo] 2024-09-23T16:00:18.404-0400 I STORAGE  [conn4] Shutting down the HealthLog
2024-09-23 16:00:18,403 INFO [Thread-12] [org.springframework.boot.autoconfigure.mongo.embedded.EmbeddedMongo] 2024-09-23T16:00:18.404-0400 I STORAGE  [conn4] Shutting down the storage engine
2024-09-23 16:00:18,403 INFO [Thread-12] [org.springframework.boot.autoconfigure.mongo.embedded.EmbeddedMongo] 2024-09-23T16:00:18.404-0400 I STORAGE  [conn4] WiredTigerKVEngine shutting down
2024-09-23 16:00:18,403 INFO [Thread-12] [org.springframework.boot.autoconfigure.mongo.embedded.EmbeddedMongo] 2024-09-23T16:00:18.404-0400 I STORAGE  [conn4] Shutting down session sweeper thread
2024-09-23 16:00:18,403 INFO [Thread-12] [org.springframework.boot.autoconfigure.mongo.embedded.EmbeddedMongo] 2024-09-23T16:00:18.404-0400 I STORAGE  [conn4] Finished shutting down session sweeper thread
2024-09-23 16:00:18,501 INFO [Thread-12] [org.springframework.boot.autoconfigure.mongo.embedded.EmbeddedMongo] 2024-09-23T16:00:18.501-0400 I STORAGE  [conn4] shutdown: removing fs lock...
2024-09-23 16:00:18,501 INFO [Thread-12] [org.springframework.boot.autoconfigure.mongo.embedded.EmbeddedMongo] 2024-09-23T16:00:18.502-0400 I -        [conn4] Dropping the scope cache for shutdown
2024-09-23 16:00:18,501 INFO [Thread-12] [org.springframework.boot.autoconfigure.mongo.embedded.EmbeddedMongo] 2024-09-23T16:00:18.502-0400 I CONTROL  [conn4] now exiting
2024-09-23 16:00:18,501 INFO [Thread-12] [org.springframework.boot.autoconfigure.mongo.embedded.EmbeddedMongo] 2024-09-23T16:00:18.502-0400 I CONTROL  [conn4] shutting down with code:0
2024-09-23 16:00:18,687 INFO [restartedMain] [com.telushealth.hialtesthub.HialTestHubApplication] Starting HialTestHubApplication using Java 17.0.9 on L116198 with PID 6904 (C:\GitHub\NLCHI-HIALTestHub\target\classes started by T968629 in C:\GitHub\NLCHI-HIALTestHub)
2024-09-23 16:00:18,688 INFO [restartedMain] [com.telushealth.hialtesthub.HialTestHubApplication] No active profile set, falling back to 1 default profile: "default"
2024-09-23 16:00:18,870 INFO [restartedMain] [org.springframework.data.repository.config.RepositoryConfigurationDelegate] Bootstrapping Spring Data MongoDB repositories in DEFAULT mode.
2024-09-23 16:00:18,875 INFO [restartedMain] [org.springframework.data.repository.config.RepositoryConfigurationDelegate] Finished Spring Data repository scanning in 4 ms. Found 0 MongoDB repository interfaces.
2024-09-23 16:00:18,898 INFO [restartedMain] [org.springframework.context.support.PostProcessorRegistrationDelegate$BeanPostProcessorChecker] Bean 'org.springframework.ws.config.annotation.DelegatingWsConfiguration' of type [org.springframework.ws.config.annotation.DelegatingWsConfiguration$$EnhancerBySpringCGLIB$$25af8e5e] is not eligible for getting processed by all BeanPostProcessors (for example: not eligible for auto-proxying)
2024-09-23 16:00:18,899 INFO [restartedMain] [org.springframework.ws.soap.addressing.server.AnnotationActionEndpointMapping] Supporting [WS-Addressing August 2004, WS-Addressing 1.0]
2024-09-23 16:00:18,931 INFO [restartedMain] [org.springframework.boot.web.embedded.tomcat.TomcatWebServer] Tomcat initialized with port(s): 8080 (http)
2024-09-23 16:00:18,931 INFO [restartedMain] [org.apache.coyote.http11.Http11NioProtocol] Initializing ProtocolHandler ["http-nio-8080"]
2024-09-23 16:00:18,932 INFO [restartedMain] [org.apache.catalina.core.StandardService] Starting service [Tomcat]
2024-09-23 16:00:18,932 INFO [restartedMain] [org.apache.catalina.core.StandardEngine] Starting Servlet engine: [Apache Tomcat/9.0.80]
2024-09-23 16:00:18,954 INFO [restartedMain] [org.apache.catalina.core.ContainerBase.[Tomcat].[localhost].[/]] Initializing Spring embedded WebApplicationContext
2024-09-23 16:00:18,954 INFO [restartedMain] [org.springframework.boot.web.servlet.context.ServletWebServerApplicationContext] Root WebApplicationContext: initialization completed in 265 ms
2024-09-23 16:00:19,546 INFO [Thread-18] [org.springframework.boot.autoconfigure.mongo.embedded.EmbeddedMongo] 2024-09-23T16:00:19.545-0400 I CONTROL  [main] note: noprealloc may hurt performance in many applications
2024-09-23 16:00:19,600 INFO [Thread-18] [org.springframework.boot.autoconfigure.mongo.embedded.EmbeddedMongo] 2024-09-23T16:00:19.600-0400 I CONTROL  [main] Automatically disabling TLS 1.0, to force-enable TLS 1.0 specify --sslDisabledProtocols 'none'
2024-09-23 16:00:19,605 INFO [Thread-18] [org.springframework.boot.autoconfigure.mongo.embedded.EmbeddedMongo] 2024-09-23T16:00:19.605-0400 I CONTROL  [initandlisten] MongoDB starting : pid=21748 port=27017 dbpath=C:\Users\T968629\AppData\Local\Temp\embedmongo-db-dcc28101-a225-4d4e-87b9-f9896a16ce66 64-bit host=L116198
2024-09-23 16:00:19,605 INFO [Thread-18] [org.springframework.boot.autoconfigure.mongo.embedded.EmbeddedMongo] 2024-09-23T16:00:19.605-0400 I CONTROL  [initandlisten] targetMinOS: Windows 7/Windows Server 2008 R2
2024-09-23 16:00:19,605 INFO [Thread-18] [org.springframework.boot.autoconfigure.mongo.embedded.EmbeddedMongo] 2024-09-23T16:00:19.605-0400 I CONTROL  [initandlisten] db version v4.0.28
2024-09-23 16:00:19,605 INFO [Thread-18] [org.springframework.boot.autoconfigure.mongo.embedded.EmbeddedMongo] 2024-09-23T16:00:19.605-0400 I CONTROL  [initandlisten] git version: af1a9dc12adcfa83cc19571cb3faba26eeddac92
2024-09-23 16:00:19,605 INFO [Thread-18] [org.springframework.boot.autoconfigure.mongo.embedded.EmbeddedMongo] 2024-09-23T16:00:19.605-0400 I CONTROL  [initandlisten] allocator: tcmalloc
2024-09-23 16:00:19,605 INFO [Thread-18] [org.springframework.boot.autoconfigure.mongo.embedded.EmbeddedMongo] 2024-09-23T16:00:19.605-0400 I CONTROL  [initandlisten] modules: none
2024-09-23 16:00:19,605 INFO [Thread-18] [org.springframework.boot.autoconfigure.mongo.embedded.EmbeddedMongo] 2024-09-23T16:00:19.605-0400 I CONTROL  [initandlisten] build environment:
2024-09-23 16:00:19,605 INFO [Thread-18] [org.springframework.boot.autoconfigure.mongo.embedded.EmbeddedMongo] 2024-09-23T16:00:19.605-0400 I CONTROL  [initandlisten]     distmod: 2008plus-ssl
2024-09-23 16:00:19,605 INFO [Thread-18] [org.springframework.boot.autoconfigure.mongo.embedded.EmbeddedMongo] 2024-09-23T16:00:19.605-0400 I CONTROL  [initandlisten]     distarch: x86_64
2024-09-23 16:00:19,605 INFO [Thread-18] [org.springframework.boot.autoconfigure.mongo.embedded.EmbeddedMongo] 2024-09-23T16:00:19.605-0400 I CONTROL  [initandlisten]     target_arch: x86_64
2024-09-23 16:00:19,605 INFO [Thread-18] [org.springframework.boot.autoconfigure.mongo.embedded.EmbeddedMongo] 2024-09-23T16:00:19.605-0400 I CONTROL  [initandlisten] options: { net: { bindIp: "127.0.0.1", port: 27017 }, security: { authorization: "disabled" }, storage: { dbPath: "C:\Users\T968629\AppData\Local\Temp\embedmongo-db-dcc28101-a225-4d4e-87b9-f9896a16ce66", journal: { enabled: false }, mmapv1: { preallocDataFiles: false, smallFiles: true }, syncPeriodSecs: 0.0 } }
2024-09-23 16:00:19,606 INFO [Thread-18] [org.springframework.boot.autoconfigure.mongo.embedded.EmbeddedMongo] 2024-09-23T16:00:19.607-0400 I STORAGE  [initandlisten] wiredtiger_open config: create,cache_size=7328M,cache_overflow=(file_max=0M),session_max=20000,eviction=(threads_min=4,threads_max=4),config_base=false,statistics=(fast),log=(enabled=true,archive=true,path=journal,compressor=snappy),file_manager=(close_idle_time=100000),statistics_log=(wait=0),verbose=(recovery_progress),,log=(enabled=false),
2024-09-23 16:00:19,632 INFO [Thread-18] [org.springframework.boot.autoconfigure.mongo.embedded.EmbeddedMongo] 2024-09-23T16:00:19.632-0400 I STORAGE  [initandlisten] WiredTiger message [1727121619:632612][21748:140708145223824], txn-recover: Set global recovery timestamp: 0
2024-09-23 16:00:19,663 INFO [Thread-18] [org.springframework.boot.autoconfigure.mongo.embedded.EmbeddedMongo] 2024-09-23T16:00:19.663-0400 I RECOVERY [initandlisten] WiredTiger recoveryTimestamp. Ts: Timestamp(0, 0)
2024-09-23 16:00:19,713 INFO [Thread-18] [org.springframework.boot.autoconfigure.mongo.embedded.EmbeddedMongo] 2024-09-23T16:00:19.713-0400 I STORAGE  [initandlisten] Starting to check the table logging settings for existing WiredTiger tables
2024-09-23 16:00:19,729 INFO [Thread-18] [org.springframework.boot.autoconfigure.mongo.embedded.EmbeddedMongo] 2024-09-23T16:00:19.729-0400 W STORAGE  [initandlisten] Detected configuration for non-active storage engine mmapv1 when current storage engine is wiredTiger
2024-09-23 16:00:19,730 INFO [Thread-18] [org.springframework.boot.autoconfigure.mongo.embedded.EmbeddedMongo] 2024-09-23T16:00:19.730-0400 I STORAGE  [initandlisten] createCollection: admin.system.version with provided UUID: f95522f7-eb33-4791-9aff-dd4e2ae62d7b
2024-09-23 16:00:19,774 INFO [Thread-18] [org.springframework.boot.autoconfigure.mongo.embedded.EmbeddedMongo] 2024-09-23T16:00:19.775-0400 I COMMAND  [initandlisten] setting featureCompatibilityVersion to 4.0
2024-09-23 16:00:19,775 INFO [Thread-18] [org.springframework.boot.autoconfigure.mongo.embedded.EmbeddedMongo] 2024-09-23T16:00:19.775-0400 I STORAGE  [initandlisten] Finished adjusting the table logging settings for existing WiredTiger tables
2024-09-23 16:00:19,775 INFO [Thread-18] [org.springframework.boot.autoconfigure.mongo.embedded.EmbeddedMongo] 2024-09-23T16:00:19.776-0400 I STORAGE  [initandlisten] createCollection: local.startup_log with generated UUID: ec39bfee-0a14-4ba2-a151-7a476563332f
2024-09-23 16:00:20,138 INFO [Thread-18] [org.springframework.boot.autoconfigure.mongo.embedded.EmbeddedMongo] 2024-09-23T16:00:20.138-0400 I FTDC     [initandlisten] Initializing full-time diagnostic data capture with directory 'C:/Users/T968629/AppData/Local/Temp/embedmongo-db-dcc28101-a225-4d4e-87b9-f9896a16ce66/diagnostic.data'
2024-09-23 16:00:20,140 INFO [Thread-18] [org.springframework.boot.autoconfigure.mongo.embedded.EmbeddedMongo] 2024-09-23T16:00:20.141-0400 I CONTROL  [LogicalSessionCacheReap] Sessions collection is not set up; waiting until next sessions reap interval: config.system.sessions does not exist
2024-09-23 16:00:20,141 INFO [Thread-18] [org.springframework.boot.autoconfigure.mongo.embedded.EmbeddedMongo] 2024-09-23T16:00:20.141-0400 I STORAGE  [LogicalSessionCacheRefresh] createCollection: config.system.sessions with generated UUID: d6ceee67-cf03-4570-9261-4356f2e6d944
2024-09-23 16:00:20,141 INFO [Thread-18] [org.springframework.boot.autoconfigure.mongo.embedded.EmbeddedMongo] 2024-09-23T16:00:20.141-0400 I NETWORK  [initandlisten] waiting for connections on port 27017
2024-09-23 16:00:20,141 INFO [restartedMain] [de.flapdoodle.embed.mongo.MongodExecutable] start MongodConfig{version=GenericFeatureAwareVersion{4.0.28}, timeout=de.flapdoodle.embed.mongo.config.Timeout@1b1199f6, net=de.flapdoodle.embed.mongo.config.Net@20f2f22f, cmdOptions=MongoCmdOptions{syncDelay=0, useDefaultSyncDelay=false, isVerbose=false, useNoPrealloc=true, useSmallFiles=true, useNoJournal=true, enableTextSearch=false, auth=false, master=false}, password=, userName=, replication=de.flapdoodle.embed.mongo.config.Storage@2f4e034b, isConfigServer=false, isShardServer=false, processListener=de.flapdoodle.embed.mongo.config.processlistener.NoopProcessListener@30e2dc2a, params={}, args={}, pidFile=mongod.pid, supportConfig=de.flapdoodle.embed.mongo.config.SupportConfig@272b2de9}
2024-09-23 16:00:20,145 INFO [restartedMain] [org.mongodb.driver.client] MongoClient with metadata {"driver": {"name": "mongo-java-driver|sync|spring-boot", "version": "4.6.1"}, "os": {"type": "Windows", "name": "Windows 10", "architecture": "amd64", "version": "10.0"}, "platform": "Java/Eclipse Adoptium/17.0.9+9"} created with settings MongoClientSettings{readPreference=primary, writeConcern=WriteConcern{w=null, wTimeout=null ms, journal=null}, retryWrites=true, retryReads=true, readConcern=ReadConcern{level=null}, credential=null, streamFactoryFactory=null, commandListeners=[io.micrometer.core.instrument.binder.mongodb.MongoMetricsCommandListener@1aa2ef5], codecRegistry=ProvidersCodecRegistry{codecProviders=[ValueCodecProvider{}, BsonValueCodecProvider{}, DBRefCodecProvider{}, DBObjectCodecProvider{}, DocumentCodecProvider{}, IterableCodecProvider{}, MapCodecProvider{}, GeoJsonCodecProvider{}, GridFSFileCodecProvider{}, Jsr310CodecProvider{}, JsonObjectCodecProvider{}, BsonCodecProvider{}, EnumCodecProvider{}, com.mongodb.Jep395RecordCodecProvider@37c9903]}, clusterSettings={hosts=[localhost:27017], srvServiceName=mongodb, mode=SINGLE, requiredClusterType=UNKNOWN, requiredReplicaSetName='null', serverSelector='null', clusterListeners='[]', serverSelectionTimeout='30000 ms', localThreshold='30000 ms'}, socketSettings=SocketSettings{connectTimeoutMS=10000, readTimeoutMS=0, receiveBufferSize=0, sendBufferSize=0}, heartbeatSocketSettings=SocketSettings{connectTimeoutMS=10000, readTimeoutMS=10000, receiveBufferSize=0, sendBufferSize=0}, connectionPoolSettings=ConnectionPoolSettings{maxSize=100, minSize=0, maxWaitTimeMS=120000, maxConnectionLifeTimeMS=0, maxConnectionIdleTimeMS=0, maintenanceInitialDelayMS=0, maintenanceFrequencyMS=60000, connectionPoolListeners=[io.micrometer.core.instrument.binder.mongodb.MongoMetricsConnectionPoolListener@313459c1], maxConnecting=2}, serverSettings=ServerSettings{heartbeatFrequencyMS=10000, minHeartbeatFrequencyMS=500, serverListeners='[]', serverMonitorListeners='[]'}, sslSettings=SslSettings{enabled=false, invalidHostNameAllowed=false, context=null}, applicationName='null', compressorList=[], uuidRepresentation=JAVA_LEGACY, serverApi=null, autoEncryptionSettings=null, contextProvider=null}
2024-09-23 16:00:20,146 INFO [Thread-18] [org.springframework.boot.autoconfigure.mongo.embedded.EmbeddedMongo] 2024-09-23T16:00:20.147-0400 I NETWORK  [listener] connection accepted from 127.0.0.1:54752 #1 (1 connection now open)
2024-09-23 16:00:20,147 INFO [Thread-18] [org.springframework.boot.autoconfigure.mongo.embedded.EmbeddedMongo] 2024-09-23T16:00:20.147-0400 I NETWORK  [listener] connection accepted from 127.0.0.1:54753 #2 (2 connections now open)
2024-09-23 16:00:20,147 INFO [Thread-18] [org.springframework.boot.autoconfigure.mongo.embedded.EmbeddedMongo] 2024-09-23T16:00:20.147-0400 I NETWORK  [conn1] received client metadata from 127.0.0.1:54752 conn1: { driver: { name: "mongo-java-driver|sync|spring-boot", version: "4.6.1" }, os: { type: "Windows", name: "Windows 10", architecture: "amd64", version: "10.0" }, platform: "Java/Eclipse Adoptium/17.0.9+9" }
2024-09-23 16:00:20,147 INFO [Thread-18] [org.springframework.boot.autoconfigure.mongo.embedded.EmbeddedMongo] 2024-09-23T16:00:20.148-0400 I NETWORK  [conn2] received client metadata from 127.0.0.1:54753 conn2: { driver: { name: "mongo-java-driver|sync|spring-boot", version: "4.6.1" }, os: { type: "Windows", name: "Windows 10", architecture: "amd64", version: "10.0" }, platform: "Java/Eclipse Adoptium/17.0.9+9" }
2024-09-23 16:00:20,147 INFO [cluster-rtt-ClusterId{value='66f1c8d4389b633ba8faf5bb', description='null'}-localhost:27017] [org.mongodb.driver.connection] Opened connection [connectionId{localValue:9, serverValue:1}] to localhost:27017
2024-09-23 16:00:20,148 INFO [cluster-ClusterId{value='66f1c8d4389b633ba8faf5bb', description='null'}-localhost:27017] [org.mongodb.driver.connection] Opened connection [connectionId{localValue:8, serverValue:2}] to localhost:27017
2024-09-23 16:00:20,148 INFO [cluster-ClusterId{value='66f1c8d4389b633ba8faf5bb', description='null'}-localhost:27017] [org.mongodb.driver.cluster] Monitor thread successfully connected to server with description ServerDescription{address=localhost:27017, type=STANDALONE, state=CONNECTED, ok=true, minWireVersion=0, maxWireVersion=7, maxDocumentSize=16777216, logicalSessionTimeoutMinutes=30, roundTripTimeNanos=1440900}
2024-09-23 16:00:20,161 INFO [restartedMain] [org.springframework.boot.devtools.autoconfigure.OptionalLiveReloadServer] LiveReload server is running on port 35729
2024-09-23 16:00:20,201 INFO [Thread-18] [org.springframework.boot.autoconfigure.mongo.embedded.EmbeddedMongo] 2024-09-23T16:00:20.201-0400 I INDEX    [LogicalSessionCacheRefresh] build index on: config.system.sessions properties: { v: 2, key: { lastUse: 1 }, name: "lsidTTLIndex", ns: "config.system.sessions", expireAfterSeconds: 1800 }
2024-09-23 16:00:20,201 INFO [Thread-18] [org.springframework.boot.autoconfigure.mongo.embedded.EmbeddedMongo] 2024-09-23T16:00:20.201-0400 I INDEX    [LogicalSessionCacheRefresh] 	 building index using bulk method; build may temporarily use up to 500 megabytes of RAM
2024-09-23 16:00:20,201 INFO [Thread-18] [org.springframework.boot.autoconfigure.mongo.embedded.EmbeddedMongo] 2024-09-23T16:00:20.201-0400 W STORAGE  [LogicalSessionCacheRefresh] failed to create WiredTiger bulk cursor: Resource device
2024-09-23 16:00:20,201 INFO [Thread-18] [org.springframework.boot.autoconfigure.mongo.embedded.EmbeddedMongo] 2024-09-23T16:00:20.201-0400 W STORAGE  [LogicalSessionCacheRefresh] falling back to non-bulk cursor for index table:index-6--2786393485305519515
2024-09-23 16:00:20,201 INFO [Thread-18] [org.springframework.boot.autoconfigure.mongo.embedded.EmbeddedMongo] 2024-09-23T16:00:20.201-0400 I INDEX    [LogicalSessionCacheRefresh] build index done.  scanned 0 total records. 0 secs
2024-09-23 16:00:20,286 INFO [restartedMain] [org.springframework.boot.actuate.endpoint.web.EndpointLinksResolver] Exposing 0 endpoint(s) beneath base path '/actuator'
2024-09-23 16:00:20,293 INFO [restartedMain] [org.apache.coyote.http11.Http11NioProtocol] Starting ProtocolHandler ["http-nio-8080"]
2024-09-23 16:00:20,298 INFO [restartedMain] [org.springframework.boot.web.embedded.tomcat.TomcatWebServer] Tomcat started on port(s): 8080 (http) with context path ''
2024-09-23 16:00:20,303 INFO [restartedMain] [com.telushealth.hialtesthub.HialTestHubApplication] Started HialTestHubApplication in 1.643 seconds (JVM running for 1367.309)
2024-09-23 16:00:20,313 INFO [Thread-18] [org.springframework.boot.autoconfigure.mongo.embedded.EmbeddedMongo] 2024-09-23T16:00:20.313-0400 I NETWORK  [listener] connection accepted from 127.0.0.1:54754 #3 (3 connections now open)
2024-09-23 16:00:20,313 INFO [Thread-18] [org.springframework.boot.autoconfigure.mongo.embedded.EmbeddedMongo] 2024-09-23T16:00:20.314-0400 I NETWORK  [conn3] received client metadata from 127.0.0.1:54754 conn3: { driver: { name: "mongo-java-driver|sync|spring-boot", version: "4.6.1" }, os: { type: "Windows", name: "Windows 10", architecture: "amd64", version: "10.0" }, platform: "Java/Eclipse Adoptium/17.0.9+9" }
2024-09-23 16:00:20,314 INFO [restartedMain] [org.mongodb.driver.connection] Opened connection [connectionId{localValue:10, serverValue:3}] to localhost:27017
2024-09-23 16:00:20,314 INFO [Thread-18] [org.springframework.boot.autoconfigure.mongo.embedded.EmbeddedMongo] 2024-09-23T16:00:20.315-0400 I STORAGE  [conn3] createCollection: test.endpoint with generated UUID: 0efcb824-20fe-442f-b8da-1677384d7fc6
2024-09-23 16:00:20,371 INFO [Thread-18] [org.springframework.boot.autoconfigure.mongo.embedded.EmbeddedMongo] 2024-09-23T16:00:20.372-0400 I STORAGE  [conn3] createCollection: test.testCase with generated UUID: f9989c0c-4b8b-4562-9f2e-f80803ea017c
2024-09-23 16:00:20,417 INFO [restartedMain] [org.springframework.boot.devtools.autoconfigure.ConditionEvaluationDeltaLoggingListener] Condition evaluation unchanged
2024-09-23 16:01:29,559 INFO [File Watcher] [org.springframework.boot.devtools.autoconfigure.LocalDevToolsAutoConfiguration$RestartingClassPathChangeChangedEventListener] Restarting due to 2 class path changes (0 additions, 0 deletions, 2 modifications)
2024-09-23 16:01:29,575 INFO [Thread-15] [org.apache.coyote.http11.Http11NioProtocol] Pausing ProtocolHandler ["http-nio-8080"]
2024-09-23 16:01:29,576 INFO [Thread-15] [org.apache.catalina.core.StandardService] Stopping service [Tomcat]
2024-09-23 16:01:29,578 INFO [Thread-15] [org.apache.coyote.http11.Http11NioProtocol] Stopping ProtocolHandler ["http-nio-8080"]
2024-09-23 16:01:29,579 INFO [Thread-15] [org.apache.coyote.http11.Http11NioProtocol] Destroying ProtocolHandler ["http-nio-8080"]
2024-09-23 16:01:29,582 INFO [Thread-18] [org.springframework.boot.autoconfigure.mongo.embedded.EmbeddedMongo] 2024-09-23T16:01:29.582-0400 I NETWORK  [conn3] end connection 127.0.0.1:54754 (2 connections now open)
2024-09-23 16:01:29,582 INFO [Thread-18] [org.springframework.boot.autoconfigure.mongo.embedded.EmbeddedMongo] 2024-09-23T16:01:29.582-0400 I NETWORK  [conn2] end connection 127.0.0.1:54753 (1 connection now open)
2024-09-23 16:01:29,582 INFO [Thread-18] [org.springframework.boot.autoconfigure.mongo.embedded.EmbeddedMongo] 2024-09-23T16:01:29.582-0400 I NETWORK  [conn1] end connection 127.0.0.1:54752 (0 connections now open)
2024-09-23 16:01:29,584 INFO [Thread-18] [org.springframework.boot.autoconfigure.mongo.embedded.EmbeddedMongo] 2024-09-23T16:01:29.585-0400 I NETWORK  [listener] connection accepted from 127.0.0.1:54763 #4 (1 connection now open)
2024-09-23 16:01:29,585 INFO [Thread-18] [org.springframework.boot.autoconfigure.mongo.embedded.EmbeddedMongo] 2024-09-23T16:01:29.585-0400 I COMMAND  [conn4] terminating, shutdown command received { shutdown: 1, force: true, timeoutSecs: 0, $db: "admin" }
2024-09-23 16:01:29,585 INFO [Thread-18] [org.springframework.boot.autoconfigure.mongo.embedded.EmbeddedMongo] 2024-09-23T16:01:29.585-0400 I CONTROL  [conn4] Shutdown started
2024-09-23 16:01:29,585 INFO [Thread-18] [org.springframework.boot.autoconfigure.mongo.embedded.EmbeddedMongo] 2024-09-23T16:01:29.585-0400 I CONTROL  [conn4] Shutting down the LogicalSessionCache
2024-09-23 16:01:29,585 INFO [Thread-18] [org.springframework.boot.autoconfigure.mongo.embedded.EmbeddedMongo] 2024-09-23T16:01:29.585-0400 I NETWORK  [conn4] shutdown: going to close listening sockets...
2024-09-23 16:01:29,588 INFO [Thread-18] [org.springframework.boot.autoconfigure.mongo.embedded.EmbeddedMongo] 2024-09-23T16:01:29.589-0400 I NETWORK  [conn4] Shutting down the global connection pool
2024-09-23 16:01:29,589 INFO [Thread-18] [org.springframework.boot.autoconfigure.mongo.embedded.EmbeddedMongo] 2024-09-23T16:01:29.589-0400 I STORAGE  [conn4] Shutting down the PeriodicThreadToAbortExpiredTransactions
2024-09-23 16:01:29,589 INFO [Thread-18] [org.springframework.boot.autoconfigure.mongo.embedded.EmbeddedMongo] 2024-09-23T16:01:29.589-0400 I REPL     [conn4] Shutting down the ReplicationCoordinator
2024-09-23 16:01:29,589 INFO [Thread-18] [org.springframework.boot.autoconfigure.mongo.embedded.EmbeddedMongo] 2024-09-23T16:01:29.589-0400 I SHARDING [conn4] Shutting down the ShardingInitializationMongoD
2024-09-23 16:01:29,589 INFO [Thread-18] [org.springframework.boot.autoconfigure.mongo.embedded.EmbeddedMongo] 2024-09-23T16:01:29.589-0400 I COMMAND  [conn4] Killing all open transactions
2024-09-23 16:01:29,589 INFO [Thread-18] [org.springframework.boot.autoconfigure.mongo.embedded.EmbeddedMongo] 2024-09-23T16:01:29.589-0400 I -        [conn4] Killing all operations for shutdown
2024-09-23 16:01:29,589 INFO [Thread-18] [org.springframework.boot.autoconfigure.mongo.embedded.EmbeddedMongo] 2024-09-23T16:01:29.589-0400 I NETWORK  [conn4] Shutting down the ReplicaSetMonitor
2024-09-23 16:01:29,589 INFO [Thread-18] [org.springframework.boot.autoconfigure.mongo.embedded.EmbeddedMongo] 2024-09-23T16:01:29.589-0400 I CONTROL  [conn4] Shutting down free monitoring
2024-09-23 16:01:29,589 INFO [Thread-18] [org.springframework.boot.autoconfigure.mongo.embedded.EmbeddedMongo] 2024-09-23T16:01:29.589-0400 I CONTROL  [conn4] Shutting down free monitoring
2024-09-23 16:01:29,589 INFO [Thread-18] [org.springframework.boot.autoconfigure.mongo.embedded.EmbeddedMongo] 2024-09-23T16:01:29.589-0400 I FTDC     [conn4] Shutting down full-time data capture
2024-09-23 16:01:29,589 INFO [Thread-18] [org.springframework.boot.autoconfigure.mongo.embedded.EmbeddedMongo] 2024-09-23T16:01:29.589-0400 I FTDC     [conn4] Shutting down full-time diagnostic data capture
2024-09-23 16:01:29,595 INFO [Thread-18] [org.springframework.boot.autoconfigure.mongo.embedded.EmbeddedMongo] 2024-09-23T16:01:29.595-0400 I STORAGE  [conn4] Shutting down the HealthLog
2024-09-23 16:01:29,595 INFO [Thread-18] [org.springframework.boot.autoconfigure.mongo.embedded.EmbeddedMongo] 2024-09-23T16:01:29.595-0400 I STORAGE  [conn4] Shutting down the storage engine
2024-09-23 16:01:29,595 INFO [Thread-18] [org.springframework.boot.autoconfigure.mongo.embedded.EmbeddedMongo] 2024-09-23T16:01:29.595-0400 I STORAGE  [conn4] WiredTigerKVEngine shutting down
2024-09-23 16:01:29,595 INFO [Thread-18] [org.springframework.boot.autoconfigure.mongo.embedded.EmbeddedMongo] 2024-09-23T16:01:29.595-0400 I STORAGE  [conn4] Shutting down session sweeper thread
2024-09-23 16:01:29,595 INFO [Thread-18] [org.springframework.boot.autoconfigure.mongo.embedded.EmbeddedMongo] 2024-09-23T16:01:29.595-0400 I STORAGE  [conn4] Finished shutting down session sweeper thread
2024-09-23 16:01:29,646 INFO [Thread-18] [org.springframework.boot.autoconfigure.mongo.embedded.EmbeddedMongo] 2024-09-23T16:01:29.646-0400 I STORAGE  [conn4] shutdown: removing fs lock...
2024-09-23 16:01:29,646 INFO [Thread-18] [org.springframework.boot.autoconfigure.mongo.embedded.EmbeddedMongo] 2024-09-23T16:01:29.646-0400 I -        [conn4] Dropping the scope cache for shutdown
2024-09-23 16:01:29,646 INFO [Thread-18] [org.springframework.boot.autoconfigure.mongo.embedded.EmbeddedMongo] 2024-09-23T16:01:29.646-0400 I CONTROL  [conn4] now exiting
2024-09-23 16:01:29,646 INFO [Thread-18] [org.springframework.boot.autoconfigure.mongo.embedded.EmbeddedMongo] 2024-09-23T16:01:29.646-0400 I CONTROL  [conn4] shutting down with code:0
2024-09-23 16:01:29,889 INFO [restartedMain] [com.telushealth.hialtesthub.HialTestHubApplication] Starting HialTestHubApplication using Java 17.0.9 on L116198 with PID 6904 (C:\GitHub\NLCHI-HIALTestHub\target\classes started by T968629 in C:\GitHub\NLCHI-HIALTestHub)
2024-09-23 16:01:29,889 INFO [restartedMain] [com.telushealth.hialtesthub.HialTestHubApplication] No active profile set, falling back to 1 default profile: "default"
2024-09-23 16:01:30,106 INFO [restartedMain] [org.springframework.data.repository.config.RepositoryConfigurationDelegate] Bootstrapping Spring Data MongoDB repositories in DEFAULT mode.
2024-09-23 16:01:30,110 INFO [restartedMain] [org.springframework.data.repository.config.RepositoryConfigurationDelegate] Finished Spring Data repository scanning in 4 ms. Found 0 MongoDB repository interfaces.
2024-09-23 16:01:30,131 INFO [restartedMain] [org.springframework.context.support.PostProcessorRegistrationDelegate$BeanPostProcessorChecker] Bean 'org.springframework.ws.config.annotation.DelegatingWsConfiguration' of type [org.springframework.ws.config.annotation.DelegatingWsConfiguration$$EnhancerBySpringCGLIB$$25af8e5e] is not eligible for getting processed by all BeanPostProcessors (for example: not eligible for auto-proxying)
2024-09-23 16:01:30,133 INFO [restartedMain] [org.springframework.ws.soap.addressing.server.AnnotationActionEndpointMapping] Supporting [WS-Addressing August 2004, WS-Addressing 1.0]
2024-09-23 16:01:30,159 INFO [restartedMain] [org.springframework.boot.web.embedded.tomcat.TomcatWebServer] Tomcat initialized with port(s): 8080 (http)
2024-09-23 16:01:30,159 INFO [restartedMain] [org.apache.coyote.http11.Http11NioProtocol] Initializing ProtocolHandler ["http-nio-8080"]
2024-09-23 16:01:30,160 INFO [restartedMain] [org.apache.catalina.core.StandardService] Starting service [Tomcat]
2024-09-23 16:01:30,160 INFO [restartedMain] [org.apache.catalina.core.StandardEngine] Starting Servlet engine: [Apache Tomcat/9.0.80]
2024-09-23 16:01:30,180 INFO [restartedMain] [org.apache.catalina.core.ContainerBase.[Tomcat].[localhost].[/]] Initializing Spring embedded WebApplicationContext
2024-09-23 16:01:30,180 INFO [restartedMain] [org.springframework.boot.web.servlet.context.ServletWebServerApplicationContext] Root WebApplicationContext: initialization completed in 289 ms
2024-09-23 16:01:30,620 INFO [Thread-24] [org.springframework.boot.autoconfigure.mongo.embedded.EmbeddedMongo] 2024-09-23T16:01:30.619-0400 I CONTROL  [main] note: noprealloc may hurt performance in many applications
2024-09-23 16:01:30,672 INFO [Thread-24] [org.springframework.boot.autoconfigure.mongo.embedded.EmbeddedMongo] 2024-09-23T16:01:30.672-0400 I CONTROL  [main] Automatically disabling TLS 1.0, to force-enable TLS 1.0 specify --sslDisabledProtocols 'none'
2024-09-23 16:01:30,677 INFO [Thread-24] [org.springframework.boot.autoconfigure.mongo.embedded.EmbeddedMongo] 2024-09-23T16:01:30.677-0400 I CONTROL  [initandlisten] MongoDB starting : pid=20676 port=27017 dbpath=C:\Users\T968629\AppData\Local\Temp\embedmongo-db-829c2a46-51ab-4ea5-bc27-f956d0567caa 64-bit host=L116198
2024-09-23 16:01:30,677 INFO [Thread-24] [org.springframework.boot.autoconfigure.mongo.embedded.EmbeddedMongo] 2024-09-23T16:01:30.677-0400 I CONTROL  [initandlisten] targetMinOS: Windows 7/Windows Server 2008 R2
2024-09-23 16:01:30,677 INFO [Thread-24] [org.springframework.boot.autoconfigure.mongo.embedded.EmbeddedMongo] 2024-09-23T16:01:30.677-0400 I CONTROL  [initandlisten] db version v4.0.28
2024-09-23 16:01:30,677 INFO [Thread-24] [org.springframework.boot.autoconfigure.mongo.embedded.EmbeddedMongo] 2024-09-23T16:01:30.677-0400 I CONTROL  [initandlisten] git version: af1a9dc12adcfa83cc19571cb3faba26eeddac92
2024-09-23 16:01:30,677 INFO [Thread-24] [org.springframework.boot.autoconfigure.mongo.embedded.EmbeddedMongo] 2024-09-23T16:01:30.677-0400 I CONTROL  [initandlisten] allocator: tcmalloc
2024-09-23 16:01:30,677 INFO [Thread-24] [org.springframework.boot.autoconfigure.mongo.embedded.EmbeddedMongo] 2024-09-23T16:01:30.677-0400 I CONTROL  [initandlisten] modules: none
2024-09-23 16:01:30,677 INFO [Thread-24] [org.springframework.boot.autoconfigure.mongo.embedded.EmbeddedMongo] 2024-09-23T16:01:30.677-0400 I CONTROL  [initandlisten] build environment:
2024-09-23 16:01:30,677 INFO [Thread-24] [org.springframework.boot.autoconfigure.mongo.embedded.EmbeddedMongo] 2024-09-23T16:01:30.677-0400 I CONTROL  [initandlisten]     distmod: 2008plus-ssl
2024-09-23 16:01:30,677 INFO [Thread-24] [org.springframework.boot.autoconfigure.mongo.embedded.EmbeddedMongo] 2024-09-23T16:01:30.677-0400 I CONTROL  [initandlisten]     distarch: x86_64
2024-09-23 16:01:30,677 INFO [Thread-24] [org.springframework.boot.autoconfigure.mongo.embedded.EmbeddedMongo] 2024-09-23T16:01:30.677-0400 I CONTROL  [initandlisten]     target_arch: x86_64
2024-09-23 16:01:30,677 INFO [Thread-24] [org.springframework.boot.autoconfigure.mongo.embedded.EmbeddedMongo] 2024-09-23T16:01:30.678-0400 I CONTROL  [initandlisten] options: { net: { bindIp: "127.0.0.1", port: 27017 }, security: { authorization: "disabled" }, storage: { dbPath: "C:\Users\T968629\AppData\Local\Temp\embedmongo-db-829c2a46-51ab-4ea5-bc27-f956d0567caa", journal: { enabled: false }, mmapv1: { preallocDataFiles: false, smallFiles: true }, syncPeriodSecs: 0.0 } }
2024-09-23 16:01:30,679 INFO [Thread-24] [org.springframework.boot.autoconfigure.mongo.embedded.EmbeddedMongo] 2024-09-23T16:01:30.679-0400 I STORAGE  [initandlisten] wiredtiger_open config: create,cache_size=7328M,cache_overflow=(file_max=0M),session_max=20000,eviction=(threads_min=4,threads_max=4),config_base=false,statistics=(fast),log=(enabled=true,archive=true,path=journal,compressor=snappy),file_manager=(close_idle_time=100000),statistics_log=(wait=0),verbose=(recovery_progress),,log=(enabled=false),
2024-09-23 16:01:30,700 INFO [Thread-24] [org.springframework.boot.autoconfigure.mongo.embedded.EmbeddedMongo] 2024-09-23T16:01:30.700-0400 I STORAGE  [initandlisten] WiredTiger message [1727121690:699443][20676:140708145223824], txn-recover: Set global recovery timestamp: 0
2024-09-23 16:01:30,734 INFO [Thread-24] [org.springframework.boot.autoconfigure.mongo.embedded.EmbeddedMongo] 2024-09-23T16:01:30.734-0400 I RECOVERY [initandlisten] WiredTiger recoveryTimestamp. Ts: Timestamp(0, 0)
2024-09-23 16:01:30,775 INFO [Thread-24] [org.springframework.boot.autoconfigure.mongo.embedded.EmbeddedMongo] 2024-09-23T16:01:30.775-0400 I STORAGE  [initandlisten] Starting to check the table logging settings for existing WiredTiger tables
2024-09-23 16:01:30,790 INFO [Thread-24] [org.springframework.boot.autoconfigure.mongo.embedded.EmbeddedMongo] 2024-09-23T16:01:30.790-0400 W STORAGE  [initandlisten] Detected configuration for non-active storage engine mmapv1 when current storage engine is wiredTiger
2024-09-23 16:01:30,791 INFO [Thread-24] [org.springframework.boot.autoconfigure.mongo.embedded.EmbeddedMongo] 2024-09-23T16:01:30.791-0400 I STORAGE  [initandlisten] createCollection: admin.system.version with provided UUID: 20a04926-52bb-4fcf-84c9-f813cf8931fa
2024-09-23 16:01:30,824 INFO [Thread-24] [org.springframework.boot.autoconfigure.mongo.embedded.EmbeddedMongo] 2024-09-23T16:01:30.825-0400 I COMMAND  [initandlisten] setting featureCompatibilityVersion to 4.0
2024-09-23 16:01:30,825 INFO [Thread-24] [org.springframework.boot.autoconfigure.mongo.embedded.EmbeddedMongo] 2024-09-23T16:01:30.825-0400 I STORAGE  [initandlisten] Finished adjusting the table logging settings for existing WiredTiger tables
2024-09-23 16:01:30,825 INFO [Thread-24] [org.springframework.boot.autoconfigure.mongo.embedded.EmbeddedMongo] 2024-09-23T16:01:30.826-0400 I STORAGE  [initandlisten] createCollection: local.startup_log with generated UUID: d702b1d7-b66a-4d74-bf97-be61b7129cf2
2024-09-23 16:01:31,183 INFO [Thread-24] [org.springframework.boot.autoconfigure.mongo.embedded.EmbeddedMongo] 2024-09-23T16:01:31.183-0400 I FTDC     [initandlisten] Initializing full-time diagnostic data capture with directory 'C:/Users/T968629/AppData/Local/Temp/embedmongo-db-829c2a46-51ab-4ea5-bc27-f956d0567caa/diagnostic.data'
2024-09-23 16:01:31,186 INFO [Thread-24] [org.springframework.boot.autoconfigure.mongo.embedded.EmbeddedMongo] 2024-09-23T16:01:31.186-0400 I CONTROL  [LogicalSessionCacheReap] Sessions collection is not set up; waiting until next sessions reap interval: config.system.sessions does not exist
2024-09-23 16:01:31,186 INFO [Thread-24] [org.springframework.boot.autoconfigure.mongo.embedded.EmbeddedMongo] 2024-09-23T16:01:31.186-0400 I STORAGE  [LogicalSessionCacheRefresh] createCollection: config.system.sessions with generated UUID: e6e7c06d-58de-4e67-b469-e8af237fbdfb
2024-09-23 16:01:31,186 INFO [Thread-24] [org.springframework.boot.autoconfigure.mongo.embedded.EmbeddedMongo] 2024-09-23T16:01:31.186-0400 I NETWORK  [initandlisten] waiting for connections on port 27017
2024-09-23 16:01:31,186 INFO [restartedMain] [de.flapdoodle.embed.mongo.MongodExecutable] start MongodConfig{version=GenericFeatureAwareVersion{4.0.28}, timeout=de.flapdoodle.embed.mongo.config.Timeout@35c45118, net=de.flapdoodle.embed.mongo.config.Net@7b674b57, cmdOptions=MongoCmdOptions{syncDelay=0, useDefaultSyncDelay=false, isVerbose=false, useNoPrealloc=true, useSmallFiles=true, useNoJournal=true, enableTextSearch=false, auth=false, master=false}, password=, userName=, replication=de.flapdoodle.embed.mongo.config.Storage@325a0351, isConfigServer=false, isShardServer=false, processListener=de.flapdoodle.embed.mongo.config.processlistener.NoopProcessListener@5f7cdc3b, params={}, args={}, pidFile=mongod.pid, supportConfig=de.flapdoodle.embed.mongo.config.SupportConfig@48270a5d}
2024-09-23 16:01:31,190 INFO [restartedMain] [org.mongodb.driver.client] MongoClient with metadata {"driver": {"name": "mongo-java-driver|sync|spring-boot", "version": "4.6.1"}, "os": {"type": "Windows", "name": "Windows 10", "architecture": "amd64", "version": "10.0"}, "platform": "Java/Eclipse Adoptium/17.0.9+9"} created with settings MongoClientSettings{readPreference=primary, writeConcern=WriteConcern{w=null, wTimeout=null ms, journal=null}, retryWrites=true, retryReads=true, readConcern=ReadConcern{level=null}, credential=null, streamFactoryFactory=null, commandListeners=[io.micrometer.core.instrument.binder.mongodb.MongoMetricsCommandListener@50b84de6], codecRegistry=ProvidersCodecRegistry{codecProviders=[ValueCodecProvider{}, BsonValueCodecProvider{}, DBRefCodecProvider{}, DBObjectCodecProvider{}, DocumentCodecProvider{}, IterableCodecProvider{}, MapCodecProvider{}, GeoJsonCodecProvider{}, GridFSFileCodecProvider{}, Jsr310CodecProvider{}, JsonObjectCodecProvider{}, BsonCodecProvider{}, EnumCodecProvider{}, com.mongodb.Jep395RecordCodecProvider@37c9903]}, clusterSettings={hosts=[localhost:27017], srvServiceName=mongodb, mode=SINGLE, requiredClusterType=UNKNOWN, requiredReplicaSetName='null', serverSelector='null', clusterListeners='[]', serverSelectionTimeout='30000 ms', localThreshold='30000 ms'}, socketSettings=SocketSettings{connectTimeoutMS=10000, readTimeoutMS=0, receiveBufferSize=0, sendBufferSize=0}, heartbeatSocketSettings=SocketSettings{connectTimeoutMS=10000, readTimeoutMS=10000, receiveBufferSize=0, sendBufferSize=0}, connectionPoolSettings=ConnectionPoolSettings{maxSize=100, minSize=0, maxWaitTimeMS=120000, maxConnectionLifeTimeMS=0, maxConnectionIdleTimeMS=0, maintenanceInitialDelayMS=0, maintenanceFrequencyMS=60000, connectionPoolListeners=[io.micrometer.core.instrument.binder.mongodb.MongoMetricsConnectionPoolListener@6e7d40d8], maxConnecting=2}, serverSettings=ServerSettings{heartbeatFrequencyMS=10000, minHeartbeatFrequencyMS=500, serverListeners='[]', serverMonitorListeners='[]'}, sslSettings=SslSettings{enabled=false, invalidHostNameAllowed=false, context=null}, applicationName='null', compressorList=[], uuidRepresentation=JAVA_LEGACY, serverApi=null, autoEncryptionSettings=null, contextProvider=null}
2024-09-23 16:01:31,192 INFO [Thread-24] [org.springframework.boot.autoconfigure.mongo.embedded.EmbeddedMongo] 2024-09-23T16:01:31.192-0400 I NETWORK  [listener] connection accepted from 127.0.0.1:54765 #1 (1 connection now open)
2024-09-23 16:01:31,192 INFO [Thread-24] [org.springframework.boot.autoconfigure.mongo.embedded.EmbeddedMongo] 2024-09-23T16:01:31.193-0400 I NETWORK  [conn1] received client metadata from 127.0.0.1:54765 conn1: { driver: { name: "mongo-java-driver|sync|spring-boot", version: "4.6.1" }, os: { type: "Windows", name: "Windows 10", architecture: "amd64", version: "10.0" }, platform: "Java/Eclipse Adoptium/17.0.9+9" }
2024-09-23 16:01:31,192 INFO [Thread-24] [org.springframework.boot.autoconfigure.mongo.embedded.EmbeddedMongo] 2024-09-23T16:01:31.193-0400 I NETWORK  [listener] connection accepted from 127.0.0.1:54764 #2 (2 connections now open)
2024-09-23 16:01:31,192 INFO [Thread-24] [org.springframework.boot.autoconfigure.mongo.embedded.EmbeddedMongo] 2024-09-23T16:01:31.193-0400 I NETWORK  [conn2] received client metadata from 127.0.0.1:54764 conn2: { driver: { name: "mongo-java-driver|sync|spring-boot", version: "4.6.1" }, os: { type: "Windows", name: "Windows 10", architecture: "amd64", version: "10.0" }, platform: "Java/Eclipse Adoptium/17.0.9+9" }
2024-09-23 16:01:31,193 INFO [cluster-rtt-ClusterId{value='66f1c91b389b633ba8faf5c4', description='null'}-localhost:27017] [org.mongodb.driver.connection] Opened connection [connectionId{localValue:12, serverValue:1}] to localhost:27017
2024-09-23 16:01:31,193 INFO [cluster-ClusterId{value='66f1c91b389b633ba8faf5c4', description='null'}-localhost:27017] [org.mongodb.driver.connection] Opened connection [connectionId{localValue:11, serverValue:2}] to localhost:27017
2024-09-23 16:01:31,193 INFO [cluster-ClusterId{value='66f1c91b389b633ba8faf5c4', description='null'}-localhost:27017] [org.mongodb.driver.cluster] Monitor thread successfully connected to server with description ServerDescription{address=localhost:27017, type=STANDALONE, state=CONNECTED, ok=true, minWireVersion=0, maxWireVersion=7, maxDocumentSize=16777216, logicalSessionTimeoutMinutes=30, roundTripTimeNanos=1380000}
2024-09-23 16:01:31,206 INFO [restartedMain] [org.springframework.boot.devtools.autoconfigure.OptionalLiveReloadServer] LiveReload server is running on port 35729
2024-09-23 16:01:31,242 INFO [Thread-24] [org.springframework.boot.autoconfigure.mongo.embedded.EmbeddedMongo] 2024-09-23T16:01:31.243-0400 I INDEX    [LogicalSessionCacheRefresh] build index on: config.system.sessions properties: { v: 2, key: { lastUse: 1 }, name: "lsidTTLIndex", ns: "config.system.sessions", expireAfterSeconds: 1800 }
2024-09-23 16:01:31,242 INFO [Thread-24] [org.springframework.boot.autoconfigure.mongo.embedded.EmbeddedMongo] 2024-09-23T16:01:31.243-0400 I INDEX    [LogicalSessionCacheRefresh] 	 building index using bulk method; build may temporarily use up to 500 megabytes of RAM
2024-09-23 16:01:31,242 INFO [Thread-24] [org.springframework.boot.autoconfigure.mongo.embedded.EmbeddedMongo] 2024-09-23T16:01:31.243-0400 W STORAGE  [LogicalSessionCacheRefresh] failed to create WiredTiger bulk cursor: Resource device
2024-09-23 16:01:31,242 INFO [Thread-24] [org.springframework.boot.autoconfigure.mongo.embedded.EmbeddedMongo] 2024-09-23T16:01:31.243-0400 W STORAGE  [LogicalSessionCacheRefresh] falling back to non-bulk cursor for index table:index-6--8284900584991756651
2024-09-23 16:01:31,242 INFO [Thread-24] [org.springframework.boot.autoconfigure.mongo.embedded.EmbeddedMongo] 2024-09-23T16:01:31.243-0400 I INDEX    [LogicalSessionCacheRefresh] build index done.  scanned 0 total records. 0 secs
2024-09-23 16:01:31,330 INFO [restartedMain] [org.springframework.boot.actuate.endpoint.web.EndpointLinksResolver] Exposing 0 endpoint(s) beneath base path '/actuator'
2024-09-23 16:01:31,338 INFO [restartedMain] [org.apache.coyote.http11.Http11NioProtocol] Starting ProtocolHandler ["http-nio-8080"]
2024-09-23 16:01:31,346 INFO [restartedMain] [org.springframework.boot.web.embedded.tomcat.TomcatWebServer] Tomcat started on port(s): 8080 (http) with context path ''
2024-09-23 16:01:31,352 INFO [restartedMain] [com.telushealth.hialtesthub.HialTestHubApplication] Started HialTestHubApplication in 1.514 seconds (JVM running for 1438.356)
2024-09-23 16:01:31,361 INFO [Thread-24] [org.springframework.boot.autoconfigure.mongo.embedded.EmbeddedMongo] 2024-09-23T16:01:31.362-0400 I NETWORK  [listener] connection accepted from 127.0.0.1:54766 #3 (3 connections now open)
2024-09-23 16:01:31,361 INFO [Thread-24] [org.springframework.boot.autoconfigure.mongo.embedded.EmbeddedMongo] 2024-09-23T16:01:31.362-0400 I NETWORK  [conn3] received client metadata from 127.0.0.1:54766 conn3: { driver: { name: "mongo-java-driver|sync|spring-boot", version: "4.6.1" }, os: { type: "Windows", name: "Windows 10", architecture: "amd64", version: "10.0" }, platform: "Java/Eclipse Adoptium/17.0.9+9" }
2024-09-23 16:01:31,362 INFO [restartedMain] [org.mongodb.driver.connection] Opened connection [connectionId{localValue:13, serverValue:3}] to localhost:27017
2024-09-23 16:01:31,362 INFO [Thread-24] [org.springframework.boot.autoconfigure.mongo.embedded.EmbeddedMongo] 2024-09-23T16:01:31.363-0400 I STORAGE  [conn3] createCollection: test.endpoint with generated UUID: da8ffb44-83ea-4cfe-9cf4-59204190cf63
2024-09-23 16:01:31,417 INFO [Thread-24] [org.springframework.boot.autoconfigure.mongo.embedded.EmbeddedMongo] 2024-09-23T16:01:31.417-0400 I STORAGE  [conn3] createCollection: test.testCase with generated UUID: ac593987-a25d-4a64-ae2b-387723eeeed6
2024-09-23 16:01:31,457 INFO [restartedMain] [org.springframework.boot.devtools.autoconfigure.ConditionEvaluationDeltaLoggingListener] Condition evaluation unchanged
2024-09-23 16:01:37,612 INFO [http-nio-8080-exec-1] [org.apache.catalina.core.ContainerBase.[Tomcat].[localhost].[/]] Initializing Spring DispatcherServlet 'dispatcherServlet'
2024-09-23 16:01:37,612 INFO [http-nio-8080-exec-1] [org.springframework.web.servlet.DispatcherServlet] Initializing Servlet 'dispatcherServlet'
2024-09-23 16:01:37,614 INFO [http-nio-8080-exec-1] [org.springframework.web.servlet.DispatcherServlet] Completed initialization in 2 ms
2024-09-23 16:01:37,680 INFO [Thread-24] [org.springframework.boot.autoconfigure.mongo.embedded.EmbeddedMongo] 2024-09-23T16:01:37.681-0400 I NETWORK  [listener] connection accepted from 127.0.0.1:54775 #4 (4 connections now open)
2024-09-23 16:01:37,680 INFO [Thread-24] [org.springframework.boot.autoconfigure.mongo.embedded.EmbeddedMongo] 2024-09-23T16:01:37.681-0400 I NETWORK  [conn4] received client metadata from 127.0.0.1:54775 conn4: { driver: { name: "mongo-java-driver|sync|spring-boot", version: "4.6.1" }, os: { type: "Windows", name: "Windows 10", architecture: "amd64", version: "10.0" }, platform: "Java/Eclipse Adoptium/17.0.9+9" }
2024-09-23 16:01:37,681 INFO [http-nio-8080-exec-3] [org.mongodb.driver.connection] Opened connection [connectionId{localValue:14, serverValue:4}] to localhost:27017
2024-09-23 16:01:40,660 INFO [Thread-24] [org.springframework.boot.autoconfigure.mongo.embedded.EmbeddedMongo] 2024-09-23T16:01:40.660-0400 I STORAGE  [conn4] createCollection: test.soapTransaction with generated UUID: 44f6c742-d239-47cc-9ff6-d61f825b2176
2024-09-23 16:01:40,788 INFO [Thread-24] [org.springframework.boot.autoconfigure.mongo.embedded.EmbeddedMongo] 2024-09-23T16:01:40.789-0400 I COMMAND  [conn4] command test.soapTransaction command: insert { insert: "soapTransaction", ordered: true, $db: "test", lsid: { id: UUID("5a5b1953-5742-46d9-9c66-a8448d101bb1") } } ninserted:1 keysInserted:1 numYields:0 reslen:45 locks:{ Global: { acquireCount: { r: 3, w: 3 } }, Database: { acquireCount: { w: 2, W: 1 } }, Collection: { acquireCount: { w: 2 } } } storage:{} protocol:op_msg 129ms
